2019-10-03 12:14:35,766 eolearn.core.eoworkflow DEBUG    Computing S2L1CWCSInput(*(), **{'bbox': BBox(((521315.3085657184, 5724655.036680756), (523716.9414061075, 5727228.931828612)), crs=EPSG:32635), 'time_interval': ['2019-04-18', '2019-04-20']})
2019-10-03 12:14:35,766 eolearn.core.eoworkflow DEBUG    Computing S2L1CWCSInput(*(), **{'bbox': BBox(((518913.6757253294, 5724655.036680756), (521315.3085657184, 5727228.931828612)), crs=EPSG:32635), 'time_interval': ['2019-04-18', '2019-04-20']})
2019-10-03 12:14:35,781 sentinelhub.ogc DEBUG    date_interval=('2019-04-18T00:00:00', '2019-04-20T23:59:59')
2019-10-03 12:14:35,781 sentinelhub.ogc DEBUG    date_interval=('2019-04-18T00:00:00', '2019-04-20T23:59:59')
2019-10-03 12:14:35,781 eolearn.core.eoworkflow DEBUG    Computing S2L1CWCSInput(*(), **{'bbox': BBox(((523716.9414061075, 5727228.931828612), (526118.5742464965, 5729802.826976469)), crs=EPSG:32635), 'time_interval': ['2019-04-18', '2019-04-20']})
2019-10-03 12:14:35,797 sentinelhub.ogc DEBUG    date_interval=('2019-04-18T00:00:00', '2019-04-20T23:59:59')
2019-10-03 12:14:35,797 sentinelhub.ogc DEBUG    URL=https://services.sentinel-hub.com/ogc/wfs/b5be8d62-3224-4c9a-be03-c06aef8d2b79?SERVICE=wfs&REQUEST=GetFeature&TYPENAMES=S2.TILE&BBOX=518913.6757253294%2C5727228.931828612%2C521315.3085657184%2C5729802.826976469&OUTPUTFORMAT=application%2Fjson&SRSNAME=EPSG%3A32635&TIME=2019-04-18T00%3A00%3A00%2F2019-04-20T23%3A59%3A59&MAXCC=80.0&MAXFEATURES=100&FEATURE_OFFSET=0
2019-10-03 12:14:35,797 sentinelhub.ogc DEBUG    URL=https://services.sentinel-hub.com/ogc/wfs/b5be8d62-3224-4c9a-be03-c06aef8d2b79?SERVICE=wfs&REQUEST=GetFeature&TYPENAMES=S2.TILE&BBOX=518913.6757253294%2C5724655.036680756%2C521315.3085657184%2C5727228.931828612&OUTPUTFORMAT=application%2Fjson&SRSNAME=EPSG%3A32635&TIME=2019-04-18T00%3A00%3A00%2F2019-04-20T23%3A59%3A59&MAXCC=80.0&MAXFEATURES=100&FEATURE_OFFSET=0
2019-10-03 12:14:35,813 sentinelhub.ogc DEBUG    date_interval=('2019-04-18T00:00:00', '2019-04-20T23:59:59')
2019-10-03 12:14:35,813 sentinelhub.ogc DEBUG    date_interval=('2019-04-18T00:00:00', '2019-04-20T23:59:59')
2019-10-03 12:14:35,813 sentinelhub.ogc DEBUG    URL=https://services.sentinel-hub.com/ogc/wfs/b5be8d62-3224-4c9a-be03-c06aef8d2b79?SERVICE=wfs&REQUEST=GetFeature&TYPENAMES=S2.TILE&BBOX=521315.3085657184%2C5727228.931828612%2C523716.9414061075%2C5729802.826976469&OUTPUTFORMAT=application%2Fjson&SRSNAME=EPSG%3A32635&TIME=2019-04-18T00%3A00%3A00%2F2019-04-20T23%3A59%3A59&MAXCC=80.0&MAXFEATURES=100&FEATURE_OFFSET=0
2019-10-03 12:14:35,828 sentinelhub.ogc DEBUG    URL=https://services.sentinel-hub.com/ogc/wfs/b5be8d62-3224-4c9a-be03-c06aef8d2b79?SERVICE=wfs&REQUEST=GetFeature&TYPENAMES=S2.TILE&BBOX=523716.9414061075%2C5727228.931828612%2C526118.5742464965%2C5729802.826976469&OUTPUTFORMAT=application%2Fjson&SRSNAME=EPSG%3A32635&TIME=2019-04-18T00%3A00%3A00%2F2019-04-20T23%3A59%3A59&MAXCC=80.0&MAXFEATURES=100&FEATURE_OFFSET=0
2019-10-03 12:14:35,828 sentinelhub.ogc DEBUG    URL=https://services.sentinel-hub.com/ogc/wfs/b5be8d62-3224-4c9a-be03-c06aef8d2b79?SERVICE=wfs&REQUEST=GetFeature&TYPENAMES=S2.TILE&BBOX=521315.3085657184%2C5724655.036680756%2C523716.9414061075%2C5727228.931828612&OUTPUTFORMAT=application%2Fjson&SRSNAME=EPSG%3A32635&TIME=2019-04-18T00%3A00%3A00%2F2019-04-20T23%3A59%3A59&MAXCC=80.0&MAXFEATURES=100&FEATURE_OFFSET=0
2019-10-03 12:14:35,859 urllib3.connectionpool DEBUG    Starting new HTTPS connection (1): services.sentinel-hub.com:443
2019-10-03 12:14:35,860 urllib3.connectionpool DEBUG    Starting new HTTPS connection (1): services.sentinel-hub.com:443
2019-10-03 12:14:35,860 urllib3.connectionpool DEBUG    Starting new HTTPS connection (1): services.sentinel-hub.com:443
2019-10-03 12:14:35,861 urllib3.connectionpool DEBUG    Starting new HTTPS connection (1): services.sentinel-hub.com:443
2019-10-03 12:14:35,861 urllib3.connectionpool DEBUG    Starting new HTTPS connection (1): services.sentinel-hub.com:443
2019-10-03 12:14:36,766 urllib3.connectionpool DEBUG    https://services.sentinel-hub.com:443 "GET /ogc/wfs/b5be8d62-3224-4c9a-be03-c06aef8d2b79?SERVICE=wfs&REQUEST=GetFeature&TYPENAMES=S2.TILE&BBOX=523716.9414061075%2C5727228.931828612%2C526118.5742464965%2C5729802.826976469&OUTPUTFORMAT=application%2Fjson&SRSNAME=EPSG%3A32635&TIME=2019-04-18T00%3A00%3A00%2F2019-04-20T23%3A59%3A59&MAXCC=80.0&MAXFEATURES=100&FEATURE_OFFSET=0 HTTP/1.1" 200 972
2019-10-03 12:14:36,766 sentinelhub.download DEBUG    Successful download from https://services.sentinel-hub.com/ogc/wfs/b5be8d62-3224-4c9a-be03-c06aef8d2b79?SERVICE=wfs&REQUEST=GetFeature&TYPENAMES=S2.TILE&BBOX=523716.9414061075%2C5727228.931828612%2C526118.5742464965%2C5729802.826976469&OUTPUTFORMAT=application%2Fjson&SRSNAME=EPSG%3A32635&TIME=2019-04-18T00%3A00%3A00%2F2019-04-20T23%3A59%3A59&MAXCC=80.0&MAXFEATURES=100&FEATURE_OFFSET=0
2019-10-03 12:14:36,766 sentinelhub.download DEBUG    data_type=MimeType.JSON
2019-10-03 12:14:36,766 sentinelhub.ogc DEBUG    dates=[datetime.datetime(2019, 4, 19, 9, 34, 38)]
2019-10-03 12:14:36,782 sentinelhub.ogc DEBUG    filename=wcs_BANDS-S2-L1C_EPSG32635_523716.9414061075_5727228.931828612_526118.5742464965_5729802.826976469_2019-04-19T09-34-38_10mX10m_EvalScript_return[B04,B08,B08A,B09,B11,B12]_ShowLogo_False_Transparent_True_tiff_depth=32f.tiff
2019-10-03 12:14:36,782 sentinelhub.ogc DEBUG    date_interval=('2019-04-18T00:00:00', '2019-04-20T23:59:59')
2019-10-03 12:14:36,782 sentinelhub.ogc DEBUG    dates=[datetime.datetime(2019, 4, 19, 9, 34, 38)]
2019-10-03 12:14:36,782 sentinelhub.download DEBUG    Using max_threads=None for 1 requests
2019-10-03 12:14:36,782 urllib3.connectionpool DEBUG    Starting new HTTPS connection (1): services.sentinel-hub.com:443
2019-10-03 12:14:36,828 urllib3.connectionpool DEBUG    https://services.sentinel-hub.com:443 "GET /ogc/wfs/b5be8d62-3224-4c9a-be03-c06aef8d2b79?SERVICE=wfs&REQUEST=GetFeature&TYPENAMES=S2.TILE&BBOX=521315.3085657184%2C5724655.036680756%2C523716.9414061075%2C5727228.931828612&OUTPUTFORMAT=application%2Fjson&SRSNAME=EPSG%3A32635&TIME=2019-04-18T00%3A00%3A00%2F2019-04-20T23%3A59%3A59&MAXCC=80.0&MAXFEATURES=100&FEATURE_OFFSET=0 HTTP/1.1" 200 972
2019-10-03 12:14:36,828 sentinelhub.download DEBUG    Successful download from https://services.sentinel-hub.com/ogc/wfs/b5be8d62-3224-4c9a-be03-c06aef8d2b79?SERVICE=wfs&REQUEST=GetFeature&TYPENAMES=S2.TILE&BBOX=521315.3085657184%2C5724655.036680756%2C523716.9414061075%2C5727228.931828612&OUTPUTFORMAT=application%2Fjson&SRSNAME=EPSG%3A32635&TIME=2019-04-18T00%3A00%3A00%2F2019-04-20T23%3A59%3A59&MAXCC=80.0&MAXFEATURES=100&FEATURE_OFFSET=0
2019-10-03 12:14:36,828 urllib3.connectionpool DEBUG    https://services.sentinel-hub.com:443 "GET /ogc/wfs/b5be8d62-3224-4c9a-be03-c06aef8d2b79?SERVICE=wfs&REQUEST=GetFeature&TYPENAMES=S2.TILE&BBOX=518913.6757253294%2C5724655.036680756%2C521315.3085657184%2C5727228.931828612&OUTPUTFORMAT=application%2Fjson&SRSNAME=EPSG%3A32635&TIME=2019-04-18T00%3A00%3A00%2F2019-04-20T23%3A59%3A59&MAXCC=80.0&MAXFEATURES=100&FEATURE_OFFSET=0 HTTP/1.1" 200 972
2019-10-03 12:14:36,828 urllib3.connectionpool DEBUG    https://services.sentinel-hub.com:443 "GET /ogc/wfs/b5be8d62-3224-4c9a-be03-c06aef8d2b79?SERVICE=wfs&REQUEST=GetFeature&TYPENAMES=S2.TILE&BBOX=521315.3085657184%2C5727228.931828612%2C523716.9414061075%2C5729802.826976469&OUTPUTFORMAT=application%2Fjson&SRSNAME=EPSG%3A32635&TIME=2019-04-18T00%3A00%3A00%2F2019-04-20T23%3A59%3A59&MAXCC=80.0&MAXFEATURES=100&FEATURE_OFFSET=0 HTTP/1.1" 200 972
2019-10-03 12:14:36,828 sentinelhub.download DEBUG    data_type=MimeType.JSON
2019-10-03 12:14:36,828 sentinelhub.download DEBUG    Successful download from https://services.sentinel-hub.com/ogc/wfs/b5be8d62-3224-4c9a-be03-c06aef8d2b79?SERVICE=wfs&REQUEST=GetFeature&TYPENAMES=S2.TILE&BBOX=518913.6757253294%2C5724655.036680756%2C521315.3085657184%2C5727228.931828612&OUTPUTFORMAT=application%2Fjson&SRSNAME=EPSG%3A32635&TIME=2019-04-18T00%3A00%3A00%2F2019-04-20T23%3A59%3A59&MAXCC=80.0&MAXFEATURES=100&FEATURE_OFFSET=0
2019-10-03 12:14:36,828 sentinelhub.download DEBUG    Successful download from https://services.sentinel-hub.com/ogc/wfs/b5be8d62-3224-4c9a-be03-c06aef8d2b79?SERVICE=wfs&REQUEST=GetFeature&TYPENAMES=S2.TILE&BBOX=521315.3085657184%2C5727228.931828612%2C523716.9414061075%2C5729802.826976469&OUTPUTFORMAT=application%2Fjson&SRSNAME=EPSG%3A32635&TIME=2019-04-18T00%3A00%3A00%2F2019-04-20T23%3A59%3A59&MAXCC=80.0&MAXFEATURES=100&FEATURE_OFFSET=0
2019-10-03 12:14:36,828 sentinelhub.ogc DEBUG    dates=[datetime.datetime(2019, 4, 19, 9, 34, 38)]
2019-10-03 12:14:36,828 sentinelhub.download DEBUG    data_type=MimeType.JSON
2019-10-03 12:14:36,828 sentinelhub.download DEBUG    data_type=MimeType.JSON
2019-10-03 12:14:36,828 sentinelhub.ogc DEBUG    filename=wcs_BANDS-S2-L1C_EPSG32635_521315.3085657184_5724655.036680756_523716.9414061075_5727228.931828612_2019-04-19T09-34-38_10mX10m_EvalScript_return[B04,B08,B08A,B09,B11,B12]_ShowLogo_False_Transparent_True_tiff_depth=32f.tiff
2019-10-03 12:14:36,828 sentinelhub.ogc DEBUG    dates=[datetime.datetime(2019, 4, 19, 9, 34, 38)]
2019-10-03 12:14:36,828 sentinelhub.ogc DEBUG    dates=[datetime.datetime(2019, 4, 19, 9, 34, 38)]
2019-10-03 12:14:36,844 sentinelhub.ogc DEBUG    date_interval=('2019-04-18T00:00:00', '2019-04-20T23:59:59')
2019-10-03 12:14:36,844 sentinelhub.ogc DEBUG    filename=wcs_BANDS-S2-L1C_EPSG32635_518913.6757253294_5724655.036680756_521315.3085657184_5727228.931828612_2019-04-19T09-34-38_10mX10m_EvalScript_return[B04,B08,B08A,B09,B11,B12]_ShowLogo_False_Transparent_True_tiff_depth=32f.tiff
2019-10-03 12:14:36,844 sentinelhub.ogc DEBUG    filename=wcs_BANDS-S2-L1C_EPSG32635_521315.3085657184_5727228.931828612_523716.9414061075_5729802.826976469_2019-04-19T09-34-38_10mX10m_EvalScript_return[B04,B08,B08A,B09,B11,B12]_ShowLogo_False_Transparent_True_tiff_depth=32f.tiff
2019-10-03 12:14:36,844 sentinelhub.ogc DEBUG    dates=[datetime.datetime(2019, 4, 19, 9, 34, 38)]
2019-10-03 12:14:36,844 sentinelhub.ogc DEBUG    date_interval=('2019-04-18T00:00:00', '2019-04-20T23:59:59')
2019-10-03 12:14:36,844 sentinelhub.ogc DEBUG    date_interval=('2019-04-18T00:00:00', '2019-04-20T23:59:59')
2019-10-03 12:14:36,844 sentinelhub.download DEBUG    Using max_threads=None for 1 requests
2019-10-03 12:14:36,844 sentinelhub.ogc DEBUG    dates=[datetime.datetime(2019, 4, 19, 9, 34, 38)]
2019-10-03 12:14:36,844 sentinelhub.ogc DEBUG    dates=[datetime.datetime(2019, 4, 19, 9, 34, 38)]
2019-10-03 12:14:36,844 sentinelhub.download DEBUG    Using max_threads=None for 1 requests
2019-10-03 12:14:36,844 sentinelhub.download DEBUG    Using max_threads=None for 1 requests
2019-10-03 12:14:36,844 urllib3.connectionpool DEBUG    Starting new HTTPS connection (1): services.sentinel-hub.com:443
2019-10-03 12:14:36,844 urllib3.connectionpool DEBUG    https://services.sentinel-hub.com:443 "GET /ogc/wfs/b5be8d62-3224-4c9a-be03-c06aef8d2b79?SERVICE=wfs&REQUEST=GetFeature&TYPENAMES=S2.TILE&BBOX=518913.6757253294%2C5727228.931828612%2C521315.3085657184%2C5729802.826976469&OUTPUTFORMAT=application%2Fjson&SRSNAME=EPSG%3A32635&TIME=2019-04-18T00%3A00%3A00%2F2019-04-20T23%3A59%3A59&MAXCC=80.0&MAXFEATURES=100&FEATURE_OFFSET=0 HTTP/1.1" 200 972
2019-10-03 12:14:36,844 sentinelhub.download DEBUG    Successful download from https://services.sentinel-hub.com/ogc/wfs/b5be8d62-3224-4c9a-be03-c06aef8d2b79?SERVICE=wfs&REQUEST=GetFeature&TYPENAMES=S2.TILE&BBOX=518913.6757253294%2C5727228.931828612%2C521315.3085657184%2C5729802.826976469&OUTPUTFORMAT=application%2Fjson&SRSNAME=EPSG%3A32635&TIME=2019-04-18T00%3A00%3A00%2F2019-04-20T23%3A59%3A59&MAXCC=80.0&MAXFEATURES=100&FEATURE_OFFSET=0
2019-10-03 12:14:36,860 sentinelhub.download DEBUG    data_type=MimeType.JSON
2019-10-03 12:14:36,860 urllib3.connectionpool DEBUG    Starting new HTTPS connection (1): services.sentinel-hub.com:443
2019-10-03 12:14:36,860 sentinelhub.ogc DEBUG    dates=[datetime.datetime(2019, 4, 19, 9, 34, 38)]
2019-10-03 12:14:36,860 sentinelhub.ogc DEBUG    filename=wcs_BANDS-S2-L1C_EPSG32635_518913.6757253294_5727228.931828612_521315.3085657184_5729802.826976469_2019-04-19T09-34-38_10mX10m_EvalScript_return[B04,B08,B08A,B09,B11,B12]_ShowLogo_False_Transparent_True_tiff_depth=32f.tiff
2019-10-03 12:14:36,860 sentinelhub.ogc DEBUG    date_interval=('2019-04-18T00:00:00', '2019-04-20T23:59:59')
2019-10-03 12:14:36,860 sentinelhub.ogc DEBUG    dates=[datetime.datetime(2019, 4, 19, 9, 34, 38)]
2019-10-03 12:14:36,860 sentinelhub.download DEBUG    Using max_threads=None for 1 requests
2019-10-03 12:14:36,860 urllib3.connectionpool DEBUG    Starting new HTTPS connection (1): services.sentinel-hub.com:443
2019-10-03 12:14:36,860 urllib3.connectionpool DEBUG    Starting new HTTPS connection (1): services.sentinel-hub.com:443
2019-10-03 12:14:37,655 urllib3.connectionpool DEBUG    https://services.sentinel-hub.com:443 "GET /ogc/wcs/b5be8d62-3224-4c9a-be03-c06aef8d2b79?SERVICE=wcs&MAXCC=80.0&ShowLogo=False&Transparent=True&EvalScript=cmV0dXJuIFtCMDQsIEIwOCwgQjA4QSwgQjA5LCBCMTEsIEIxMl07&BBOX=523716.9414061075%2C5727228.931828612%2C526118.5742464965%2C5729802.826976469&FORMAT=image%2Ftiff%3Bdepth%3D32f&CRS=EPSG%3A32635&TIME=2019-04-19T09%3A34%3A38%2F2019-04-19T09%3A34%3A38&RESX=10m&RESY=10m&COVERAGE=BANDS-S2-L1C&REQUEST=GetCoverage&VERSION=1.1.2 HTTP/1.1" 200 None
2019-10-03 12:14:37,671 urllib3.connectionpool DEBUG    https://services.sentinel-hub.com:443 "GET /ogc/wcs/b5be8d62-3224-4c9a-be03-c06aef8d2b79?SERVICE=wcs&MAXCC=80.0&ShowLogo=False&Transparent=True&EvalScript=cmV0dXJuIFtCMDQsIEIwOCwgQjA4QSwgQjA5LCBCMTEsIEIxMl07&BBOX=518913.6757253294%2C5724655.036680756%2C521315.3085657184%2C5727228.931828612&FORMAT=image%2Ftiff%3Bdepth%3D32f&CRS=EPSG%3A32635&TIME=2019-04-19T09%3A34%3A38%2F2019-04-19T09%3A34%3A38&RESX=10m&RESY=10m&COVERAGE=BANDS-S2-L1C&REQUEST=GetCoverage&VERSION=1.1.2 HTTP/1.1" 200 None
2019-10-03 12:14:37,686 urllib3.connectionpool DEBUG    https://services.sentinel-hub.com:443 "GET /ogc/wcs/b5be8d62-3224-4c9a-be03-c06aef8d2b79?SERVICE=wcs&MAXCC=80.0&ShowLogo=False&Transparent=True&EvalScript=cmV0dXJuIFtCMDQsIEIwOCwgQjA4QSwgQjA5LCBCMTEsIEIxMl07&BBOX=518913.6757253294%2C5727228.931828612%2C521315.3085657184%2C5729802.826976469&FORMAT=image%2Ftiff%3Bdepth%3D32f&CRS=EPSG%3A32635&TIME=2019-04-19T09%3A34%3A38%2F2019-04-19T09%3A34%3A38&RESX=10m&RESY=10m&COVERAGE=BANDS-S2-L1C&REQUEST=GetCoverage&VERSION=1.1.2 HTTP/1.1" 200 None
2019-10-03 12:14:37,686 urllib3.connectionpool DEBUG    https://services.sentinel-hub.com:443 "GET /ogc/wcs/b5be8d62-3224-4c9a-be03-c06aef8d2b79?SERVICE=wcs&MAXCC=80.0&ShowLogo=False&Transparent=True&EvalScript=cmV0dXJuIFtCMDQsIEIwOCwgQjA4QSwgQjA5LCBCMTEsIEIxMl07&BBOX=521315.3085657184%2C5724655.036680756%2C523716.9414061075%2C5727228.931828612&FORMAT=image%2Ftiff%3Bdepth%3D32f&CRS=EPSG%3A32635&TIME=2019-04-19T09%3A34%3A38%2F2019-04-19T09%3A34%3A38&RESX=10m&RESY=10m&COVERAGE=BANDS-S2-L1C&REQUEST=GetCoverage&VERSION=1.1.2 HTTP/1.1" 200 None
2019-10-03 12:14:37,842 urllib3.connectionpool DEBUG    https://services.sentinel-hub.com:443 "GET /ogc/wcs/b5be8d62-3224-4c9a-be03-c06aef8d2b79?SERVICE=wcs&MAXCC=80.0&ShowLogo=False&Transparent=True&EvalScript=cmV0dXJuIFtCMDQsIEIwOCwgQjA4QSwgQjA5LCBCMTEsIEIxMl07&BBOX=521315.3085657184%2C5727228.931828612%2C523716.9414061075%2C5729802.826976469&FORMAT=image%2Ftiff%3Bdepth%3D32f&CRS=EPSG%3A32635&TIME=2019-04-19T09%3A34%3A38%2F2019-04-19T09%3A34%3A38&RESX=10m&RESY=10m&COVERAGE=BANDS-S2-L1C&REQUEST=GetCoverage&VERSION=1.1.2 HTTP/1.1" 200 None
2019-10-03 12:14:38,981 sentinelhub.download DEBUG    Successful download from https://services.sentinel-hub.com/ogc/wcs/b5be8d62-3224-4c9a-be03-c06aef8d2b79?SERVICE=wcs&MAXCC=80.0&ShowLogo=False&Transparent=True&EvalScript=cmV0dXJuIFtCMDQsIEIwOCwgQjA4QSwgQjA5LCBCMTEsIEIxMl07&BBOX=523716.9414061075%2C5727228.931828612%2C526118.5742464965%2C5729802.826976469&FORMAT=image%2Ftiff%3Bdepth%3D32f&CRS=EPSG%3A32635&TIME=2019-04-19T09%3A34%3A38%2F2019-04-19T09%3A34%3A38&RESX=10m&RESY=10m&COVERAGE=BANDS-S2-L1C&REQUEST=GetCoverage&VERSION=1.1.2
2019-10-03 12:14:38,981 sentinelhub.download DEBUG    data_type=MimeType.TIFF_d32f
2019-10-03 12:14:39,012 eolearn.core.eoworkflow DEBUG    Computing AddCloudMaskTask(*(EOPatch(
  data: {
    BANDS: numpy.ndarray(shape=(1, 257, 240, 6), dtype=float32)
  }
  mask: {
    IS_DATA: numpy.ndarray(shape=(1, 257, 240, 1), dtype=bool)
  }
  scalar: {}
  label: {}
  vector: {}
  data_timeless: {}
  mask_timeless: {}
  scalar_timeless: {}
  label_timeless: {}
  vector_timeless: {}
  meta_info: {
    maxcc: 0.8
    service_type: 'wcs'
    size_x: '10m'
    size_y: '10m'
    time_difference: datetime.timedelta(days=-1, seconds=86399)
    time_interval: ['2019-04-18', '2019-04-20']
  }
  bbox: BBox(((523716.9414061075, 5727228.931828612), (526118.5742464965, 5729802.826976469)), crs=EPSG:32635)
  timestamp: [datetime.datetime(2019, 4, 19, 9, 34, 38)]
),), **{})
2019-10-03 12:14:39,028 sentinelhub.ogc DEBUG    date_interval=('2019-04-18T00:00:00', '2019-04-20T23:59:59')
2019-10-03 12:14:39,028 sentinelhub.ogc DEBUG    URL=https://services.sentinel-hub.com/ogc/wfs/b5be8d62-3224-4c9a-be03-c06aef8d2b79?SERVICE=wfs&REQUEST=GetFeature&TYPENAMES=S2.TILE&BBOX=523716.9414061075%2C5727228.931828612%2C526118.5742464965%2C5729802.826976469&OUTPUTFORMAT=application%2Fjson&SRSNAME=EPSG%3A32635&TIME=2019-04-18T00%3A00%3A00%2F2019-04-20T23%3A59%3A59&MAXCC=80.0&MAXFEATURES=100&FEATURE_OFFSET=0
2019-10-03 12:14:39,028 urllib3.connectionpool DEBUG    Starting new HTTPS connection (1): services.sentinel-hub.com:443
2019-10-03 12:14:39,200 sentinelhub.download DEBUG    Successful download from https://services.sentinel-hub.com/ogc/wcs/b5be8d62-3224-4c9a-be03-c06aef8d2b79?SERVICE=wcs&MAXCC=80.0&ShowLogo=False&Transparent=True&EvalScript=cmV0dXJuIFtCMDQsIEIwOCwgQjA4QSwgQjA5LCBCMTEsIEIxMl07&BBOX=521315.3085657184%2C5724655.036680756%2C523716.9414061075%2C5727228.931828612&FORMAT=image%2Ftiff%3Bdepth%3D32f&CRS=EPSG%3A32635&TIME=2019-04-19T09%3A34%3A38%2F2019-04-19T09%3A34%3A38&RESX=10m&RESY=10m&COVERAGE=BANDS-S2-L1C&REQUEST=GetCoverage&VERSION=1.1.2
2019-10-03 12:14:39,200 sentinelhub.download DEBUG    data_type=MimeType.TIFF_d32f
2019-10-03 12:14:39,215 eolearn.core.eoworkflow DEBUG    Computing AddCloudMaskTask(*(EOPatch(
  data: {
    BANDS: numpy.ndarray(shape=(1, 257, 240, 6), dtype=float32)
  }
  mask: {
    IS_DATA: numpy.ndarray(shape=(1, 257, 240, 1), dtype=bool)
  }
  scalar: {}
  label: {}
  vector: {}
  data_timeless: {}
  mask_timeless: {}
  scalar_timeless: {}
  label_timeless: {}
  vector_timeless: {}
  meta_info: {
    maxcc: 0.8
    service_type: 'wcs'
    size_x: '10m'
    size_y: '10m'
    time_difference: datetime.timedelta(days=-1, seconds=86399)
    time_interval: ['2019-04-18', '2019-04-20']
  }
  bbox: BBox(((521315.3085657184, 5724655.036680756), (523716.9414061075, 5727228.931828612)), crs=EPSG:32635)
  timestamp: [datetime.datetime(2019, 4, 19, 9, 34, 38)]
),), **{})
2019-10-03 12:14:39,215 sentinelhub.ogc DEBUG    date_interval=('2019-04-18T00:00:00', '2019-04-20T23:59:59')
2019-10-03 12:14:39,215 sentinelhub.ogc DEBUG    URL=https://services.sentinel-hub.com/ogc/wfs/b5be8d62-3224-4c9a-be03-c06aef8d2b79?SERVICE=wfs&REQUEST=GetFeature&TYPENAMES=S2.TILE&BBOX=521315.3085657184%2C5724655.036680756%2C523716.9414061075%2C5727228.931828612&OUTPUTFORMAT=application%2Fjson&SRSNAME=EPSG%3A32635&TIME=2019-04-18T00%3A00%3A00%2F2019-04-20T23%3A59%3A59&MAXCC=80.0&MAXFEATURES=100&FEATURE_OFFSET=0
2019-10-03 12:14:39,231 urllib3.connectionpool DEBUG    Starting new HTTPS connection (1): services.sentinel-hub.com:443
2019-10-03 12:14:39,262 sentinelhub.download DEBUG    Successful download from https://services.sentinel-hub.com/ogc/wcs/b5be8d62-3224-4c9a-be03-c06aef8d2b79?SERVICE=wcs&MAXCC=80.0&ShowLogo=False&Transparent=True&EvalScript=cmV0dXJuIFtCMDQsIEIwOCwgQjA4QSwgQjA5LCBCMTEsIEIxMl07&BBOX=521315.3085657184%2C5727228.931828612%2C523716.9414061075%2C5729802.826976469&FORMAT=image%2Ftiff%3Bdepth%3D32f&CRS=EPSG%3A32635&TIME=2019-04-19T09%3A34%3A38%2F2019-04-19T09%3A34%3A38&RESX=10m&RESY=10m&COVERAGE=BANDS-S2-L1C&REQUEST=GetCoverage&VERSION=1.1.2
2019-10-03 12:14:39,262 sentinelhub.download DEBUG    data_type=MimeType.TIFF_d32f
2019-10-03 12:14:39,278 eolearn.core.eoworkflow DEBUG    Computing AddCloudMaskTask(*(EOPatch(
  data: {
    BANDS: numpy.ndarray(shape=(1, 257, 240, 6), dtype=float32)
  }
  mask: {
    IS_DATA: numpy.ndarray(shape=(1, 257, 240, 1), dtype=bool)
  }
  scalar: {}
  label: {}
  vector: {}
  data_timeless: {}
  mask_timeless: {}
  scalar_timeless: {}
  label_timeless: {}
  vector_timeless: {}
  meta_info: {
    maxcc: 0.8
    service_type: 'wcs'
    size_x: '10m'
    size_y: '10m'
    time_difference: datetime.timedelta(days=-1, seconds=86399)
    time_interval: ['2019-04-18', '2019-04-20']
  }
  bbox: BBox(((521315.3085657184, 5727228.931828612), (523716.9414061075, 5729802.826976469)), crs=EPSG:32635)
  timestamp: [datetime.datetime(2019, 4, 19, 9, 34, 38)]
),), **{})
2019-10-03 12:14:39,278 sentinelhub.ogc DEBUG    date_interval=('2019-04-18T00:00:00', '2019-04-20T23:59:59')
2019-10-03 12:14:39,278 sentinelhub.ogc DEBUG    URL=https://services.sentinel-hub.com/ogc/wfs/b5be8d62-3224-4c9a-be03-c06aef8d2b79?SERVICE=wfs&REQUEST=GetFeature&TYPENAMES=S2.TILE&BBOX=521315.3085657184%2C5727228.931828612%2C523716.9414061075%2C5729802.826976469&OUTPUTFORMAT=application%2Fjson&SRSNAME=EPSG%3A32635&TIME=2019-04-18T00%3A00%3A00%2F2019-04-20T23%3A59%3A59&MAXCC=80.0&MAXFEATURES=100&FEATURE_OFFSET=0
2019-10-03 12:14:39,278 urllib3.connectionpool DEBUG    Starting new HTTPS connection (1): services.sentinel-hub.com:443
2019-10-03 12:14:39,543 sentinelhub.download DEBUG    Successful download from https://services.sentinel-hub.com/ogc/wcs/b5be8d62-3224-4c9a-be03-c06aef8d2b79?SERVICE=wcs&MAXCC=80.0&ShowLogo=False&Transparent=True&EvalScript=cmV0dXJuIFtCMDQsIEIwOCwgQjA4QSwgQjA5LCBCMTEsIEIxMl07&BBOX=518913.6757253294%2C5724655.036680756%2C521315.3085657184%2C5727228.931828612&FORMAT=image%2Ftiff%3Bdepth%3D32f&CRS=EPSG%3A32635&TIME=2019-04-19T09%3A34%3A38%2F2019-04-19T09%3A34%3A38&RESX=10m&RESY=10m&COVERAGE=BANDS-S2-L1C&REQUEST=GetCoverage&VERSION=1.1.2
2019-10-03 12:14:39,543 sentinelhub.download DEBUG    data_type=MimeType.TIFF_d32f
2019-10-03 12:14:39,558 eolearn.core.eoworkflow DEBUG    Computing AddCloudMaskTask(*(EOPatch(
  data: {
    BANDS: numpy.ndarray(shape=(1, 257, 240, 6), dtype=float32)
  }
  mask: {
    IS_DATA: numpy.ndarray(shape=(1, 257, 240, 1), dtype=bool)
  }
  scalar: {}
  label: {}
  vector: {}
  data_timeless: {}
  mask_timeless: {}
  scalar_timeless: {}
  label_timeless: {}
  vector_timeless: {}
  meta_info: {
    maxcc: 0.8
    service_type: 'wcs'
    size_x: '10m'
    size_y: '10m'
    time_difference: datetime.timedelta(days=-1, seconds=86399)
    time_interval: ['2019-04-18', '2019-04-20']
  }
  bbox: BBox(((518913.6757253294, 5724655.036680756), (521315.3085657184, 5727228.931828612)), crs=EPSG:32635)
  timestamp: [datetime.datetime(2019, 4, 19, 9, 34, 38)]
),), **{})
2019-10-03 12:14:39,558 sentinelhub.ogc DEBUG    date_interval=('2019-04-18T00:00:00', '2019-04-20T23:59:59')
2019-10-03 12:14:39,558 sentinelhub.ogc DEBUG    URL=https://services.sentinel-hub.com/ogc/wfs/b5be8d62-3224-4c9a-be03-c06aef8d2b79?SERVICE=wfs&REQUEST=GetFeature&TYPENAMES=S2.TILE&BBOX=518913.6757253294%2C5724655.036680756%2C521315.3085657184%2C5727228.931828612&OUTPUTFORMAT=application%2Fjson&SRSNAME=EPSG%3A32635&TIME=2019-04-18T00%3A00%3A00%2F2019-04-20T23%3A59%3A59&MAXCC=80.0&MAXFEATURES=100&FEATURE_OFFSET=0
2019-10-03 12:14:39,558 urllib3.connectionpool DEBUG    Starting new HTTPS connection (1): services.sentinel-hub.com:443
2019-10-03 12:14:39,590 sentinelhub.download DEBUG    Successful download from https://services.sentinel-hub.com/ogc/wcs/b5be8d62-3224-4c9a-be03-c06aef8d2b79?SERVICE=wcs&MAXCC=80.0&ShowLogo=False&Transparent=True&EvalScript=cmV0dXJuIFtCMDQsIEIwOCwgQjA4QSwgQjA5LCBCMTEsIEIxMl07&BBOX=518913.6757253294%2C5727228.931828612%2C521315.3085657184%2C5729802.826976469&FORMAT=image%2Ftiff%3Bdepth%3D32f&CRS=EPSG%3A32635&TIME=2019-04-19T09%3A34%3A38%2F2019-04-19T09%3A34%3A38&RESX=10m&RESY=10m&COVERAGE=BANDS-S2-L1C&REQUEST=GetCoverage&VERSION=1.1.2
2019-10-03 12:14:39,590 sentinelhub.download DEBUG    data_type=MimeType.TIFF_d32f
2019-10-03 12:14:39,605 eolearn.core.eoworkflow DEBUG    Computing AddCloudMaskTask(*(EOPatch(
  data: {
    BANDS: numpy.ndarray(shape=(1, 257, 240, 6), dtype=float32)
  }
  mask: {
    IS_DATA: numpy.ndarray(shape=(1, 257, 240, 1), dtype=bool)
  }
  scalar: {}
  label: {}
  vector: {}
  data_timeless: {}
  mask_timeless: {}
  scalar_timeless: {}
  label_timeless: {}
  vector_timeless: {}
  meta_info: {
    maxcc: 0.8
    service_type: 'wcs'
    size_x: '10m'
    size_y: '10m'
    time_difference: datetime.timedelta(days=-1, seconds=86399)
    time_interval: ['2019-04-18', '2019-04-20']
  }
  bbox: BBox(((518913.6757253294, 5727228.931828612), (521315.3085657184, 5729802.826976469)), crs=EPSG:32635)
  timestamp: [datetime.datetime(2019, 4, 19, 9, 34, 38)]
),), **{})
2019-10-03 12:14:39,605 sentinelhub.ogc DEBUG    date_interval=('2019-04-18T00:00:00', '2019-04-20T23:59:59')
2019-10-03 12:14:39,605 sentinelhub.ogc DEBUG    URL=https://services.sentinel-hub.com/ogc/wfs/b5be8d62-3224-4c9a-be03-c06aef8d2b79?SERVICE=wfs&REQUEST=GetFeature&TYPENAMES=S2.TILE&BBOX=518913.6757253294%2C5727228.931828612%2C521315.3085657184%2C5729802.826976469&OUTPUTFORMAT=application%2Fjson&SRSNAME=EPSG%3A32635&TIME=2019-04-18T00%3A00%3A00%2F2019-04-20T23%3A59%3A59&MAXCC=80.0&MAXFEATURES=100&FEATURE_OFFSET=0
2019-10-03 12:14:39,605 urllib3.connectionpool DEBUG    Starting new HTTPS connection (1): services.sentinel-hub.com:443
2019-10-03 12:14:39,668 urllib3.connectionpool DEBUG    https://services.sentinel-hub.com:443 "GET /ogc/wfs/b5be8d62-3224-4c9a-be03-c06aef8d2b79?SERVICE=wfs&REQUEST=GetFeature&TYPENAMES=S2.TILE&BBOX=523716.9414061075%2C5727228.931828612%2C526118.5742464965%2C5729802.826976469&OUTPUTFORMAT=application%2Fjson&SRSNAME=EPSG%3A32635&TIME=2019-04-18T00%3A00%3A00%2F2019-04-20T23%3A59%3A59&MAXCC=80.0&MAXFEATURES=100&FEATURE_OFFSET=0 HTTP/1.1" 200 972
2019-10-03 12:14:39,668 sentinelhub.download DEBUG    Successful download from https://services.sentinel-hub.com/ogc/wfs/b5be8d62-3224-4c9a-be03-c06aef8d2b79?SERVICE=wfs&REQUEST=GetFeature&TYPENAMES=S2.TILE&BBOX=523716.9414061075%2C5727228.931828612%2C526118.5742464965%2C5729802.826976469&OUTPUTFORMAT=application%2Fjson&SRSNAME=EPSG%3A32635&TIME=2019-04-18T00%3A00%3A00%2F2019-04-20T23%3A59%3A59&MAXCC=80.0&MAXFEATURES=100&FEATURE_OFFSET=0
2019-10-03 12:14:39,668 sentinelhub.download DEBUG    data_type=MimeType.JSON
2019-10-03 12:14:39,668 sentinelhub.ogc DEBUG    dates=[datetime.datetime(2019, 4, 19, 9, 34, 38)]
2019-10-03 12:14:39,668 sentinelhub.ogc DEBUG    filename=wcs_BANDS-S2CLOUDLESS_EPSG32635_523716.9414061075_5727228.931828612_526118.5742464965_5729802.826976469_2019-04-19T09-34-38_80mX80m_EvalScript_return[B01,B02,B04,B05,B08,B8A,B09,B10,B11,B12]_ShowLogo_False_Transparent_False_tiff_depth=32f.tiff
2019-10-03 12:14:39,668 sentinelhub.ogc DEBUG    date_interval=('2019-04-18T00:00:00', '2019-04-20T23:59:59')
2019-10-03 12:14:39,668 sentinelhub.ogc DEBUG    dates=[datetime.datetime(2019, 4, 19, 9, 34, 38)]
2019-10-03 12:14:39,668 sentinelhub.download DEBUG    Using max_threads=None for 1 requests
2019-10-03 12:14:39,683 urllib3.connectionpool DEBUG    Starting new HTTPS connection (1): services.sentinel-hub.com:443
2019-10-03 12:14:39,855 urllib3.connectionpool DEBUG    https://services.sentinel-hub.com:443 "GET /ogc/wfs/b5be8d62-3224-4c9a-be03-c06aef8d2b79?SERVICE=wfs&REQUEST=GetFeature&TYPENAMES=S2.TILE&BBOX=521315.3085657184%2C5724655.036680756%2C523716.9414061075%2C5727228.931828612&OUTPUTFORMAT=application%2Fjson&SRSNAME=EPSG%3A32635&TIME=2019-04-18T00%3A00%3A00%2F2019-04-20T23%3A59%3A59&MAXCC=80.0&MAXFEATURES=100&FEATURE_OFFSET=0 HTTP/1.1" 200 972
2019-10-03 12:14:39,855 sentinelhub.download DEBUG    Successful download from https://services.sentinel-hub.com/ogc/wfs/b5be8d62-3224-4c9a-be03-c06aef8d2b79?SERVICE=wfs&REQUEST=GetFeature&TYPENAMES=S2.TILE&BBOX=521315.3085657184%2C5724655.036680756%2C523716.9414061075%2C5727228.931828612&OUTPUTFORMAT=application%2Fjson&SRSNAME=EPSG%3A32635&TIME=2019-04-18T00%3A00%3A00%2F2019-04-20T23%3A59%3A59&MAXCC=80.0&MAXFEATURES=100&FEATURE_OFFSET=0
2019-10-03 12:14:39,855 sentinelhub.download DEBUG    data_type=MimeType.JSON
2019-10-03 12:14:39,855 sentinelhub.ogc DEBUG    dates=[datetime.datetime(2019, 4, 19, 9, 34, 38)]
2019-10-03 12:14:39,855 urllib3.connectionpool DEBUG    https://services.sentinel-hub.com:443 "GET /ogc/wfs/b5be8d62-3224-4c9a-be03-c06aef8d2b79?SERVICE=wfs&REQUEST=GetFeature&TYPENAMES=S2.TILE&BBOX=521315.3085657184%2C5727228.931828612%2C523716.9414061075%2C5729802.826976469&OUTPUTFORMAT=application%2Fjson&SRSNAME=EPSG%3A32635&TIME=2019-04-18T00%3A00%3A00%2F2019-04-20T23%3A59%3A59&MAXCC=80.0&MAXFEATURES=100&FEATURE_OFFSET=0 HTTP/1.1" 200 972
2019-10-03 12:14:39,855 sentinelhub.ogc DEBUG    filename=wcs_BANDS-S2CLOUDLESS_EPSG32635_521315.3085657184_5724655.036680756_523716.9414061075_5727228.931828612_2019-04-19T09-34-38_80mX80m_EvalScript_return[B01,B02,B04,B05,B08,B8A,B09,B10,B11,B12]_ShowLogo_False_Transparent_False_tiff_depth=32f.tiff
2019-10-03 12:14:39,855 sentinelhub.download DEBUG    Successful download from https://services.sentinel-hub.com/ogc/wfs/b5be8d62-3224-4c9a-be03-c06aef8d2b79?SERVICE=wfs&REQUEST=GetFeature&TYPENAMES=S2.TILE&BBOX=521315.3085657184%2C5727228.931828612%2C523716.9414061075%2C5729802.826976469&OUTPUTFORMAT=application%2Fjson&SRSNAME=EPSG%3A32635&TIME=2019-04-18T00%3A00%3A00%2F2019-04-20T23%3A59%3A59&MAXCC=80.0&MAXFEATURES=100&FEATURE_OFFSET=0
2019-10-03 12:14:39,855 sentinelhub.ogc DEBUG    date_interval=('2019-04-18T00:00:00', '2019-04-20T23:59:59')
2019-10-03 12:14:39,870 sentinelhub.download DEBUG    data_type=MimeType.JSON
2019-10-03 12:14:39,870 sentinelhub.ogc DEBUG    dates=[datetime.datetime(2019, 4, 19, 9, 34, 38)]
2019-10-03 12:14:39,870 sentinelhub.ogc DEBUG    dates=[datetime.datetime(2019, 4, 19, 9, 34, 38)]
2019-10-03 12:14:39,870 sentinelhub.download DEBUG    Using max_threads=None for 1 requests
2019-10-03 12:14:39,870 sentinelhub.ogc DEBUG    filename=wcs_BANDS-S2CLOUDLESS_EPSG32635_521315.3085657184_5727228.931828612_523716.9414061075_5729802.826976469_2019-04-19T09-34-38_80mX80m_EvalScript_return[B01,B02,B04,B05,B08,B8A,B09,B10,B11,B12]_ShowLogo_False_Transparent_False_tiff_depth=32f.tiff
2019-10-03 12:14:39,870 sentinelhub.ogc DEBUG    date_interval=('2019-04-18T00:00:00', '2019-04-20T23:59:59')
2019-10-03 12:14:39,870 sentinelhub.ogc DEBUG    dates=[datetime.datetime(2019, 4, 19, 9, 34, 38)]
2019-10-03 12:14:39,870 sentinelhub.download DEBUG    Using max_threads=None for 1 requests
2019-10-03 12:14:39,870 urllib3.connectionpool DEBUG    Starting new HTTPS connection (1): services.sentinel-hub.com:443
2019-10-03 12:14:39,870 urllib3.connectionpool DEBUG    Starting new HTTPS connection (1): services.sentinel-hub.com:443
2019-10-03 12:14:39,980 urllib3.connectionpool DEBUG    https://services.sentinel-hub.com:443 "GET /ogc/wfs/b5be8d62-3224-4c9a-be03-c06aef8d2b79?SERVICE=wfs&REQUEST=GetFeature&TYPENAMES=S2.TILE&BBOX=518913.6757253294%2C5724655.036680756%2C521315.3085657184%2C5727228.931828612&OUTPUTFORMAT=application%2Fjson&SRSNAME=EPSG%3A32635&TIME=2019-04-18T00%3A00%3A00%2F2019-04-20T23%3A59%3A59&MAXCC=80.0&MAXFEATURES=100&FEATURE_OFFSET=0 HTTP/1.1" 200 972
2019-10-03 12:14:39,980 sentinelhub.download DEBUG    Successful download from https://services.sentinel-hub.com/ogc/wfs/b5be8d62-3224-4c9a-be03-c06aef8d2b79?SERVICE=wfs&REQUEST=GetFeature&TYPENAMES=S2.TILE&BBOX=518913.6757253294%2C5724655.036680756%2C521315.3085657184%2C5727228.931828612&OUTPUTFORMAT=application%2Fjson&SRSNAME=EPSG%3A32635&TIME=2019-04-18T00%3A00%3A00%2F2019-04-20T23%3A59%3A59&MAXCC=80.0&MAXFEATURES=100&FEATURE_OFFSET=0
2019-10-03 12:14:39,980 sentinelhub.download DEBUG    data_type=MimeType.JSON
2019-10-03 12:14:39,995 sentinelhub.ogc DEBUG    dates=[datetime.datetime(2019, 4, 19, 9, 34, 38)]
2019-10-03 12:14:39,995 sentinelhub.ogc DEBUG    filename=wcs_BANDS-S2CLOUDLESS_EPSG32635_518913.6757253294_5724655.036680756_521315.3085657184_5727228.931828612_2019-04-19T09-34-38_80mX80m_EvalScript_return[B01,B02,B04,B05,B08,B8A,B09,B10,B11,B12]_ShowLogo_False_Transparent_False_tiff_depth=32f.tiff
2019-10-03 12:14:39,995 sentinelhub.ogc DEBUG    date_interval=('2019-04-18T00:00:00', '2019-04-20T23:59:59')
2019-10-03 12:14:39,995 sentinelhub.ogc DEBUG    dates=[datetime.datetime(2019, 4, 19, 9, 34, 38)]
2019-10-03 12:14:39,995 sentinelhub.download DEBUG    Using max_threads=None for 1 requests
2019-10-03 12:14:39,995 urllib3.connectionpool DEBUG    Starting new HTTPS connection (1): services.sentinel-hub.com:443
2019-10-03 12:14:40,058 urllib3.connectionpool DEBUG    https://services.sentinel-hub.com:443 "GET /ogc/wfs/b5be8d62-3224-4c9a-be03-c06aef8d2b79?SERVICE=wfs&REQUEST=GetFeature&TYPENAMES=S2.TILE&BBOX=518913.6757253294%2C5727228.931828612%2C521315.3085657184%2C5729802.826976469&OUTPUTFORMAT=application%2Fjson&SRSNAME=EPSG%3A32635&TIME=2019-04-18T00%3A00%3A00%2F2019-04-20T23%3A59%3A59&MAXCC=80.0&MAXFEATURES=100&FEATURE_OFFSET=0 HTTP/1.1" 200 972
2019-10-03 12:14:40,058 sentinelhub.download DEBUG    Successful download from https://services.sentinel-hub.com/ogc/wfs/b5be8d62-3224-4c9a-be03-c06aef8d2b79?SERVICE=wfs&REQUEST=GetFeature&TYPENAMES=S2.TILE&BBOX=518913.6757253294%2C5727228.931828612%2C521315.3085657184%2C5729802.826976469&OUTPUTFORMAT=application%2Fjson&SRSNAME=EPSG%3A32635&TIME=2019-04-18T00%3A00%3A00%2F2019-04-20T23%3A59%3A59&MAXCC=80.0&MAXFEATURES=100&FEATURE_OFFSET=0
2019-10-03 12:14:40,058 sentinelhub.download DEBUG    data_type=MimeType.JSON
2019-10-03 12:14:40,058 sentinelhub.ogc DEBUG    dates=[datetime.datetime(2019, 4, 19, 9, 34, 38)]
2019-10-03 12:14:40,058 sentinelhub.ogc DEBUG    filename=wcs_BANDS-S2CLOUDLESS_EPSG32635_518913.6757253294_5727228.931828612_521315.3085657184_5729802.826976469_2019-04-19T09-34-38_80mX80m_EvalScript_return[B01,B02,B04,B05,B08,B8A,B09,B10,B11,B12]_ShowLogo_False_Transparent_False_tiff_depth=32f.tiff
2019-10-03 12:14:40,058 sentinelhub.ogc DEBUG    date_interval=('2019-04-18T00:00:00', '2019-04-20T23:59:59')
2019-10-03 12:14:40,058 sentinelhub.ogc DEBUG    dates=[datetime.datetime(2019, 4, 19, 9, 34, 38)]
2019-10-03 12:14:40,058 sentinelhub.download DEBUG    Using max_threads=None for 1 requests
2019-10-03 12:14:40,073 urllib3.connectionpool DEBUG    Starting new HTTPS connection (1): services.sentinel-hub.com:443
2019-10-03 12:14:40,510 urllib3.connectionpool DEBUG    https://services.sentinel-hub.com:443 "GET /ogc/wcs/b5be8d62-3224-4c9a-be03-c06aef8d2b79?SERVICE=wcs&MAXCC=80.0&ShowLogo=False&Transparent=False&EvalScript=cmV0dXJuIFtCMDEsQjAyLEIwNCxCMDUsQjA4LEI4QSxCMDksQjEwLEIxMSxCMTJd&BBOX=521315.3085657184%2C5724655.036680756%2C523716.9414061075%2C5727228.931828612&FORMAT=image%2Ftiff%3Bdepth%3D32f&CRS=EPSG%3A32635&TIME=2019-04-19T09%3A34%3A38%2F2019-04-19T09%3A34%3A38&RESX=80m&RESY=80m&COVERAGE=BANDS-S2CLOUDLESS&REQUEST=GetCoverage&VERSION=1.1.2 HTTP/1.1" 200 None
2019-10-03 12:14:40,557 urllib3.connectionpool DEBUG    https://services.sentinel-hub.com:443 "GET /ogc/wcs/b5be8d62-3224-4c9a-be03-c06aef8d2b79?SERVICE=wcs&MAXCC=80.0&ShowLogo=False&Transparent=False&EvalScript=cmV0dXJuIFtCMDEsQjAyLEIwNCxCMDUsQjA4LEI4QSxCMDksQjEwLEIxMSxCMTJd&BBOX=523716.9414061075%2C5727228.931828612%2C526118.5742464965%2C5729802.826976469&FORMAT=image%2Ftiff%3Bdepth%3D32f&CRS=EPSG%3A32635&TIME=2019-04-19T09%3A34%3A38%2F2019-04-19T09%3A34%3A38&RESX=80m&RESY=80m&COVERAGE=BANDS-S2CLOUDLESS&REQUEST=GetCoverage&VERSION=1.1.2 HTTP/1.1" 200 None
2019-10-03 12:14:40,588 sentinelhub.download DEBUG    Successful download from https://services.sentinel-hub.com/ogc/wcs/b5be8d62-3224-4c9a-be03-c06aef8d2b79?SERVICE=wcs&MAXCC=80.0&ShowLogo=False&Transparent=False&EvalScript=cmV0dXJuIFtCMDEsQjAyLEIwNCxCMDUsQjA4LEI4QSxCMDksQjEwLEIxMSxCMTJd&BBOX=521315.3085657184%2C5724655.036680756%2C523716.9414061075%2C5727228.931828612&FORMAT=image%2Ftiff%3Bdepth%3D32f&CRS=EPSG%3A32635&TIME=2019-04-19T09%3A34%3A38%2F2019-04-19T09%3A34%3A38&RESX=80m&RESY=80m&COVERAGE=BANDS-S2CLOUDLESS&REQUEST=GetCoverage&VERSION=1.1.2
2019-10-03 12:14:40,588 sentinelhub.download DEBUG    data_type=MimeType.TIFF_d32f
2019-10-03 12:14:40,635 sentinelhub.download DEBUG    Successful download from https://services.sentinel-hub.com/ogc/wcs/b5be8d62-3224-4c9a-be03-c06aef8d2b79?SERVICE=wcs&MAXCC=80.0&ShowLogo=False&Transparent=False&EvalScript=cmV0dXJuIFtCMDEsQjAyLEIwNCxCMDUsQjA4LEI4QSxCMDksQjEwLEIxMSxCMTJd&BBOX=523716.9414061075%2C5727228.931828612%2C526118.5742464965%2C5729802.826976469&FORMAT=image%2Ftiff%3Bdepth%3D32f&CRS=EPSG%3A32635&TIME=2019-04-19T09%3A34%3A38%2F2019-04-19T09%3A34%3A38&RESX=80m&RESY=80m&COVERAGE=BANDS-S2CLOUDLESS&REQUEST=GetCoverage&VERSION=1.1.2
2019-10-03 12:14:40,635 sentinelhub.download DEBUG    data_type=MimeType.TIFF_d32f
2019-10-03 12:14:40,650 urllib3.connectionpool DEBUG    https://services.sentinel-hub.com:443 "GET /ogc/wcs/b5be8d62-3224-4c9a-be03-c06aef8d2b79?SERVICE=wcs&MAXCC=80.0&ShowLogo=False&Transparent=False&EvalScript=cmV0dXJuIFtCMDEsQjAyLEIwNCxCMDUsQjA4LEI4QSxCMDksQjEwLEIxMSxCMTJd&BBOX=518913.6757253294%2C5727228.931828612%2C521315.3085657184%2C5729802.826976469&FORMAT=image%2Ftiff%3Bdepth%3D32f&CRS=EPSG%3A32635&TIME=2019-04-19T09%3A34%3A38%2F2019-04-19T09%3A34%3A38&RESX=80m&RESY=80m&COVERAGE=BANDS-S2CLOUDLESS&REQUEST=GetCoverage&VERSION=1.1.2 HTTP/1.1" 200 None
2019-10-03 12:14:40,650 urllib3.connectionpool DEBUG    https://services.sentinel-hub.com:443 "GET /ogc/wcs/b5be8d62-3224-4c9a-be03-c06aef8d2b79?SERVICE=wcs&MAXCC=80.0&ShowLogo=False&Transparent=False&EvalScript=cmV0dXJuIFtCMDEsQjAyLEIwNCxCMDUsQjA4LEI4QSxCMDksQjEwLEIxMSxCMTJd&BBOX=521315.3085657184%2C5727228.931828612%2C523716.9414061075%2C5729802.826976469&FORMAT=image%2Ftiff%3Bdepth%3D32f&CRS=EPSG%3A32635&TIME=2019-04-19T09%3A34%3A38%2F2019-04-19T09%3A34%3A38&RESX=80m&RESY=80m&COVERAGE=BANDS-S2CLOUDLESS&REQUEST=GetCoverage&VERSION=1.1.2 HTTP/1.1" 200 None
2019-10-03 12:14:40,697 urllib3.connectionpool DEBUG    https://services.sentinel-hub.com:443 "GET /ogc/wcs/b5be8d62-3224-4c9a-be03-c06aef8d2b79?SERVICE=wcs&MAXCC=80.0&ShowLogo=False&Transparent=False&EvalScript=cmV0dXJuIFtCMDEsQjAyLEIwNCxCMDUsQjA4LEI4QSxCMDksQjEwLEIxMSxCMTJd&BBOX=518913.6757253294%2C5724655.036680756%2C521315.3085657184%2C5727228.931828612&FORMAT=image%2Ftiff%3Bdepth%3D32f&CRS=EPSG%3A32635&TIME=2019-04-19T09%3A34%3A38%2F2019-04-19T09%3A34%3A38&RESX=80m&RESY=80m&COVERAGE=BANDS-S2CLOUDLESS&REQUEST=GetCoverage&VERSION=1.1.2 HTTP/1.1" 200 None
2019-10-03 12:14:40,713 sentinelhub.download DEBUG    Successful download from https://services.sentinel-hub.com/ogc/wcs/b5be8d62-3224-4c9a-be03-c06aef8d2b79?SERVICE=wcs&MAXCC=80.0&ShowLogo=False&Transparent=False&EvalScript=cmV0dXJuIFtCMDEsQjAyLEIwNCxCMDUsQjA4LEI4QSxCMDksQjEwLEIxMSxCMTJd&BBOX=518913.6757253294%2C5724655.036680756%2C521315.3085657184%2C5727228.931828612&FORMAT=image%2Ftiff%3Bdepth%3D32f&CRS=EPSG%3A32635&TIME=2019-04-19T09%3A34%3A38%2F2019-04-19T09%3A34%3A38&RESX=80m&RESY=80m&COVERAGE=BANDS-S2CLOUDLESS&REQUEST=GetCoverage&VERSION=1.1.2
2019-10-03 12:14:40,713 sentinelhub.download DEBUG    data_type=MimeType.TIFF_d32f
2019-10-03 12:14:40,728 sentinelhub.download DEBUG    Successful download from https://services.sentinel-hub.com/ogc/wcs/b5be8d62-3224-4c9a-be03-c06aef8d2b79?SERVICE=wcs&MAXCC=80.0&ShowLogo=False&Transparent=False&EvalScript=cmV0dXJuIFtCMDEsQjAyLEIwNCxCMDUsQjA4LEI4QSxCMDksQjEwLEIxMSxCMTJd&BBOX=518913.6757253294%2C5727228.931828612%2C521315.3085657184%2C5729802.826976469&FORMAT=image%2Ftiff%3Bdepth%3D32f&CRS=EPSG%3A32635&TIME=2019-04-19T09%3A34%3A38%2F2019-04-19T09%3A34%3A38&RESX=80m&RESY=80m&COVERAGE=BANDS-S2CLOUDLESS&REQUEST=GetCoverage&VERSION=1.1.2
2019-10-03 12:14:40,728 sentinelhub.download DEBUG    data_type=MimeType.TIFF_d32f
2019-10-03 12:14:40,728 sentinelhub.download DEBUG    Successful download from https://services.sentinel-hub.com/ogc/wcs/b5be8d62-3224-4c9a-be03-c06aef8d2b79?SERVICE=wcs&MAXCC=80.0&ShowLogo=False&Transparent=False&EvalScript=cmV0dXJuIFtCMDEsQjAyLEIwNCxCMDUsQjA4LEI4QSxCMDksQjEwLEIxMSxCMTJd&BBOX=521315.3085657184%2C5727228.931828612%2C523716.9414061075%2C5729802.826976469&FORMAT=image%2Ftiff%3Bdepth%3D32f&CRS=EPSG%3A32635&TIME=2019-04-19T09%3A34%3A38%2F2019-04-19T09%3A34%3A38&RESX=80m&RESY=80m&COVERAGE=BANDS-S2CLOUDLESS&REQUEST=GetCoverage&VERSION=1.1.2
2019-10-03 12:14:40,728 sentinelhub.download DEBUG    data_type=MimeType.TIFF_d32f
2019-10-03 12:14:40,838 eolearn.core.eoworkflow DEBUG    Removing intermediate result for AddCloudMaskTask
2019-10-03 12:14:40,838 eolearn.core.eoworkflow DEBUG    Removing intermediate result for AddCloudMaskTask
2019-10-03 12:14:40,838 eolearn.core.eoworkflow DEBUG    Removing intermediate result for AddCloudMaskTask
2019-10-03 12:14:40,838 eolearn.core.eoworkflow DEBUG    Removing intermediate result for AddCloudMaskTask
2019-10-03 12:14:40,838 eolearn.core.eoworkflow DEBUG    Computing NormalBurningRatio(*(EOPatch(
  data: {
    BANDS: numpy.ndarray(shape=(1, 257, 240, 6), dtype=float32)
    CLP: numpy.ndarray(shape=(1, 257, 240, 1), dtype=float32)
  }
  mask: {
    CLM: numpy.ndarray(shape=(1, 257, 240, 1), dtype=bool)
    IS_DATA: numpy.ndarray(shape=(1, 257, 240, 1), dtype=bool)
  }
  scalar: {}
  label: {}
  vector: {}
  data_timeless: {}
  mask_timeless: {}
  scalar_timeless: {}
  label_timeless: {}
  vector_timeless: {}
  meta_info: {
    maxcc: 0.8
    service_type: 'wcs'
    size_x: '10m'
    size_y: '10m'
    time_difference: datetime.timedelta(days=-1, seconds=86399)
    time_interval: ['2019-04-18', '2019-04-20']
  }
  bbox: BBox(((521315.3085657184, 5724655.036680756), (523716.9414061075, 5727228.931828612)), crs=EPSG:32635)
  timestamp: [datetime.datetime(2019, 4, 19, 9, 34, 38)]
),), **{})
2019-10-03 12:14:40,838 eolearn.core.eoworkflow DEBUG    Computing NormalBurningRatio(*(EOPatch(
  data: {
    BANDS: numpy.ndarray(shape=(1, 257, 240, 6), dtype=float32)
    CLP: numpy.ndarray(shape=(1, 257, 240, 1), dtype=float32)
  }
  mask: {
    CLM: numpy.ndarray(shape=(1, 257, 240, 1), dtype=bool)
    IS_DATA: numpy.ndarray(shape=(1, 257, 240, 1), dtype=bool)
  }
  scalar: {}
  label: {}
  vector: {}
  data_timeless: {}
  mask_timeless: {}
  scalar_timeless: {}
  label_timeless: {}
  vector_timeless: {}
  meta_info: {
    maxcc: 0.8
    service_type: 'wcs'
    size_x: '10m'
    size_y: '10m'
    time_difference: datetime.timedelta(days=-1, seconds=86399)
    time_interval: ['2019-04-18', '2019-04-20']
  }
  bbox: BBox(((518913.6757253294, 5724655.036680756), (521315.3085657184, 5727228.931828612)), crs=EPSG:32635)
  timestamp: [datetime.datetime(2019, 4, 19, 9, 34, 38)]
),), **{})
2019-10-03 12:14:40,838 eolearn.core.eoworkflow DEBUG    Computing NormalBurningRatio(*(EOPatch(
  data: {
    BANDS: numpy.ndarray(shape=(1, 257, 240, 6), dtype=float32)
    CLP: numpy.ndarray(shape=(1, 257, 240, 1), dtype=float32)
  }
  mask: {
    CLM: numpy.ndarray(shape=(1, 257, 240, 1), dtype=bool)
    IS_DATA: numpy.ndarray(shape=(1, 257, 240, 1), dtype=bool)
  }
  scalar: {}
  label: {}
  vector: {}
  data_timeless: {}
  mask_timeless: {}
  scalar_timeless: {}
  label_timeless: {}
  vector_timeless: {}
  meta_info: {
    maxcc: 0.8
    service_type: 'wcs'
    size_x: '10m'
    size_y: '10m'
    time_difference: datetime.timedelta(days=-1, seconds=86399)
    time_interval: ['2019-04-18', '2019-04-20']
  }
  bbox: BBox(((523716.9414061075, 5727228.931828612), (526118.5742464965, 5729802.826976469)), crs=EPSG:32635)
  timestamp: [datetime.datetime(2019, 4, 19, 9, 34, 38)]
),), **{})
2019-10-03 12:14:40,838 eolearn.core.eoworkflow DEBUG    Computing NormalBurningRatio(*(EOPatch(
  data: {
    BANDS: numpy.ndarray(shape=(1, 257, 240, 6), dtype=float32)
    CLP: numpy.ndarray(shape=(1, 257, 240, 1), dtype=float32)
  }
  mask: {
    CLM: numpy.ndarray(shape=(1, 257, 240, 1), dtype=bool)
    IS_DATA: numpy.ndarray(shape=(1, 257, 240, 1), dtype=bool)
  }
  scalar: {}
  label: {}
  vector: {}
  data_timeless: {}
  mask_timeless: {}
  scalar_timeless: {}
  label_timeless: {}
  vector_timeless: {}
  meta_info: {
    maxcc: 0.8
    service_type: 'wcs'
    size_x: '10m'
    size_y: '10m'
    time_difference: datetime.timedelta(days=-1, seconds=86399)
    time_interval: ['2019-04-18', '2019-04-20']
  }
  bbox: BBox(((518913.6757253294, 5727228.931828612), (521315.3085657184, 5729802.826976469)), crs=EPSG:32635)
  timestamp: [datetime.datetime(2019, 4, 19, 9, 34, 38)]
),), **{})
2019-10-03 12:14:40,853 eolearn.core.eoworkflow DEBUG    Removing intermediate result for AddCloudMaskTask
2019-10-03 12:14:40,869 eolearn.core.eoworkflow DEBUG    Computing NormalBurningRatio(*(EOPatch(
  data: {
    BANDS: numpy.ndarray(shape=(1, 257, 240, 6), dtype=float32)
    CLP: numpy.ndarray(shape=(1, 257, 240, 1), dtype=float32)
  }
  mask: {
    CLM: numpy.ndarray(shape=(1, 257, 240, 1), dtype=bool)
    IS_DATA: numpy.ndarray(shape=(1, 257, 240, 1), dtype=bool)
  }
  scalar: {}
  label: {}
  vector: {}
  data_timeless: {}
  mask_timeless: {}
  scalar_timeless: {}
  label_timeless: {}
  vector_timeless: {}
  meta_info: {
    maxcc: 0.8
    service_type: 'wcs'
    size_x: '10m'
    size_y: '10m'
    time_difference: datetime.timedelta(days=-1, seconds=86399)
    time_interval: ['2019-04-18', '2019-04-20']
  }
  bbox: BBox(((521315.3085657184, 5727228.931828612), (523716.9414061075, 5729802.826976469)), crs=EPSG:32635)
  timestamp: [datetime.datetime(2019, 4, 19, 9, 34, 38)]
),), **{})
