2019-10-03 12:14:40,900 eolearn.core.eoworkflow DEBUG    Computing S2L1CWCSInput(*(), **{'bbox': BBox(((521315.3085657184, 5722081.1415329), (523716.9414061075, 5724655.036680756)), crs=EPSG:32635), 'time_interval': ['2019-04-18', '2019-04-20']})
2019-10-03 12:14:40,900 eolearn.core.eoworkflow DEBUG    Computing S2L1CWCSInput(*(), **{'bbox': BBox(((518913.6757253294, 5722081.1415329), (521315.3085657184, 5724655.036680756)), crs=EPSG:32635), 'time_interval': ['2019-04-18', '2019-04-20']})
2019-10-03 12:14:40,900 sentinelhub.ogc DEBUG    date_interval=('2019-04-18T00:00:00', '2019-04-20T23:59:59')
2019-10-03 12:14:40,900 eolearn.core.eoworkflow DEBUG    Computing S2L1CWCSInput(*(), **{'bbox': BBox(((523716.9414061075, 5722081.1415329), (526118.5742464965, 5724655.036680756)), crs=EPSG:32635), 'time_interval': ['2019-04-18', '2019-04-20']})
2019-10-03 12:14:40,900 sentinelhub.ogc DEBUG    date_interval=('2019-04-18T00:00:00', '2019-04-20T23:59:59')
2019-10-03 12:14:40,900 sentinelhub.ogc DEBUG    date_interval=('2019-04-18T00:00:00', '2019-04-20T23:59:59')
2019-10-03 12:14:40,916 sentinelhub.ogc DEBUG    URL=https://services.sentinel-hub.com/ogc/wfs/b5be8d62-3224-4c9a-be03-c06aef8d2b79?SERVICE=wfs&REQUEST=GetFeature&TYPENAMES=S2.TILE&BBOX=523716.9414061075%2C5724655.036680756%2C526118.5742464965%2C5727228.931828612&OUTPUTFORMAT=application%2Fjson&SRSNAME=EPSG%3A32635&TIME=2019-04-18T00%3A00%3A00%2F2019-04-20T23%3A59%3A59&MAXCC=80.0&MAXFEATURES=100&FEATURE_OFFSET=0
2019-10-03 12:14:40,916 sentinelhub.ogc DEBUG    date_interval=('2019-04-18T00:00:00', '2019-04-20T23:59:59')
2019-10-03 12:14:40,931 sentinelhub.ogc DEBUG    URL=https://services.sentinel-hub.com/ogc/wfs/b5be8d62-3224-4c9a-be03-c06aef8d2b79?SERVICE=wfs&REQUEST=GetFeature&TYPENAMES=S2.TILE&BBOX=521315.3085657184%2C5722081.1415329%2C523716.9414061075%2C5724655.036680756&OUTPUTFORMAT=application%2Fjson&SRSNAME=EPSG%3A32635&TIME=2019-04-18T00%3A00%3A00%2F2019-04-20T23%3A59%3A59&MAXCC=80.0&MAXFEATURES=100&FEATURE_OFFSET=0
2019-10-03 12:14:40,931 sentinelhub.ogc DEBUG    URL=https://services.sentinel-hub.com/ogc/wfs/b5be8d62-3224-4c9a-be03-c06aef8d2b79?SERVICE=wfs&REQUEST=GetFeature&TYPENAMES=S2.TILE&BBOX=518913.6757253294%2C5722081.1415329%2C521315.3085657184%2C5724655.036680756&OUTPUTFORMAT=application%2Fjson&SRSNAME=EPSG%3A32635&TIME=2019-04-18T00%3A00%3A00%2F2019-04-20T23%3A59%3A59&MAXCC=80.0&MAXFEATURES=100&FEATURE_OFFSET=0
2019-10-03 12:14:40,931 sentinelhub.ogc DEBUG    URL=https://services.sentinel-hub.com/ogc/wfs/b5be8d62-3224-4c9a-be03-c06aef8d2b79?SERVICE=wfs&REQUEST=GetFeature&TYPENAMES=S2.TILE&BBOX=523716.9414061075%2C5722081.1415329%2C526118.5742464965%2C5724655.036680756&OUTPUTFORMAT=application%2Fjson&SRSNAME=EPSG%3A32635&TIME=2019-04-18T00%3A00%3A00%2F2019-04-20T23%3A59%3A59&MAXCC=80.0&MAXFEATURES=100&FEATURE_OFFSET=0
2019-10-03 12:14:40,931 urllib3.connectionpool DEBUG    Starting new HTTPS connection (1): services.sentinel-hub.com:443
2019-10-03 12:14:40,948 urllib3.connectionpool DEBUG    Starting new HTTPS connection (1): services.sentinel-hub.com:443
2019-10-03 12:14:40,947 urllib3.connectionpool DEBUG    Starting new HTTPS connection (1): services.sentinel-hub.com:443
2019-10-03 12:14:40,952 urllib3.connectionpool DEBUG    Starting new HTTPS connection (1): services.sentinel-hub.com:443
2019-10-03 12:14:41,470 urllib3.connectionpool DEBUG    https://services.sentinel-hub.com:443 "GET /ogc/wfs/b5be8d62-3224-4c9a-be03-c06aef8d2b79?SERVICE=wfs&REQUEST=GetFeature&TYPENAMES=S2.TILE&BBOX=518913.6757253294%2C5722081.1415329%2C521315.3085657184%2C5724655.036680756&OUTPUTFORMAT=application%2Fjson&SRSNAME=EPSG%3A32635&TIME=2019-04-18T00%3A00%3A00%2F2019-04-20T23%3A59%3A59&MAXCC=80.0&MAXFEATURES=100&FEATURE_OFFSET=0 HTTP/1.1" 200 972
2019-10-03 12:14:41,470 sentinelhub.download DEBUG    Successful download from https://services.sentinel-hub.com/ogc/wfs/b5be8d62-3224-4c9a-be03-c06aef8d2b79?SERVICE=wfs&REQUEST=GetFeature&TYPENAMES=S2.TILE&BBOX=518913.6757253294%2C5722081.1415329%2C521315.3085657184%2C5724655.036680756&OUTPUTFORMAT=application%2Fjson&SRSNAME=EPSG%3A32635&TIME=2019-04-18T00%3A00%3A00%2F2019-04-20T23%3A59%3A59&MAXCC=80.0&MAXFEATURES=100&FEATURE_OFFSET=0
2019-10-03 12:14:41,470 sentinelhub.download DEBUG    data_type=MimeType.JSON
2019-10-03 12:14:41,470 sentinelhub.ogc DEBUG    dates=[datetime.datetime(2019, 4, 19, 9, 34, 38)]
2019-10-03 12:14:41,470 sentinelhub.ogc DEBUG    filename=wcs_BANDS-S2-L1C_EPSG32635_518913.6757253294_5722081.1415329_521315.3085657184_5724655.036680756_2019-04-19T09-34-38_10mX10m_EvalScript_return[B04,B08,B08A,B09,B11,B12]_ShowLogo_False_Transparent_True_tiff_depth=32f.tiff
2019-10-03 12:14:41,470 sentinelhub.ogc DEBUG    date_interval=('2019-04-18T00:00:00', '2019-04-20T23:59:59')
2019-10-03 12:14:41,470 sentinelhub.ogc DEBUG    dates=[datetime.datetime(2019, 4, 19, 9, 34, 38)]
2019-10-03 12:14:41,470 sentinelhub.download DEBUG    Using max_threads=None for 1 requests
2019-10-03 12:14:41,470 urllib3.connectionpool DEBUG    Starting new HTTPS connection (1): services.sentinel-hub.com:443
2019-10-03 12:14:41,485 urllib3.connectionpool DEBUG    https://services.sentinel-hub.com:443 "GET /ogc/wfs/b5be8d62-3224-4c9a-be03-c06aef8d2b79?SERVICE=wfs&REQUEST=GetFeature&TYPENAMES=S2.TILE&BBOX=521315.3085657184%2C5722081.1415329%2C523716.9414061075%2C5724655.036680756&OUTPUTFORMAT=application%2Fjson&SRSNAME=EPSG%3A32635&TIME=2019-04-18T00%3A00%3A00%2F2019-04-20T23%3A59%3A59&MAXCC=80.0&MAXFEATURES=100&FEATURE_OFFSET=0 HTTP/1.1" 200 972
2019-10-03 12:14:41,485 sentinelhub.download DEBUG    Successful download from https://services.sentinel-hub.com/ogc/wfs/b5be8d62-3224-4c9a-be03-c06aef8d2b79?SERVICE=wfs&REQUEST=GetFeature&TYPENAMES=S2.TILE&BBOX=521315.3085657184%2C5722081.1415329%2C523716.9414061075%2C5724655.036680756&OUTPUTFORMAT=application%2Fjson&SRSNAME=EPSG%3A32635&TIME=2019-04-18T00%3A00%3A00%2F2019-04-20T23%3A59%3A59&MAXCC=80.0&MAXFEATURES=100&FEATURE_OFFSET=0
2019-10-03 12:14:41,485 urllib3.connectionpool DEBUG    https://services.sentinel-hub.com:443 "GET /ogc/wfs/b5be8d62-3224-4c9a-be03-c06aef8d2b79?SERVICE=wfs&REQUEST=GetFeature&TYPENAMES=S2.TILE&BBOX=523716.9414061075%2C5722081.1415329%2C526118.5742464965%2C5724655.036680756&OUTPUTFORMAT=application%2Fjson&SRSNAME=EPSG%3A32635&TIME=2019-04-18T00%3A00%3A00%2F2019-04-20T23%3A59%3A59&MAXCC=80.0&MAXFEATURES=100&FEATURE_OFFSET=0 HTTP/1.1" 200 972
2019-10-03 12:14:41,485 sentinelhub.download DEBUG    data_type=MimeType.JSON
2019-10-03 12:14:41,485 sentinelhub.download DEBUG    Successful download from https://services.sentinel-hub.com/ogc/wfs/b5be8d62-3224-4c9a-be03-c06aef8d2b79?SERVICE=wfs&REQUEST=GetFeature&TYPENAMES=S2.TILE&BBOX=523716.9414061075%2C5722081.1415329%2C526118.5742464965%2C5724655.036680756&OUTPUTFORMAT=application%2Fjson&SRSNAME=EPSG%3A32635&TIME=2019-04-18T00%3A00%3A00%2F2019-04-20T23%3A59%3A59&MAXCC=80.0&MAXFEATURES=100&FEATURE_OFFSET=0
2019-10-03 12:14:41,485 sentinelhub.ogc DEBUG    dates=[datetime.datetime(2019, 4, 19, 9, 34, 38)]
2019-10-03 12:14:41,485 sentinelhub.download DEBUG    data_type=MimeType.JSON
2019-10-03 12:14:41,485 sentinelhub.ogc DEBUG    filename=wcs_BANDS-S2-L1C_EPSG32635_521315.3085657184_5722081.1415329_523716.9414061075_5724655.036680756_2019-04-19T09-34-38_10mX10m_EvalScript_return[B04,B08,B08A,B09,B11,B12]_ShowLogo_False_Transparent_True_tiff_depth=32f.tiff
2019-10-03 12:14:41,485 sentinelhub.ogc DEBUG    dates=[datetime.datetime(2019, 4, 19, 9, 34, 38)]
2019-10-03 12:14:41,501 sentinelhub.ogc DEBUG    date_interval=('2019-04-18T00:00:00', '2019-04-20T23:59:59')
2019-10-03 12:14:41,501 sentinelhub.ogc DEBUG    filename=wcs_BANDS-S2-L1C_EPSG32635_523716.9414061075_5722081.1415329_526118.5742464965_5724655.036680756_2019-04-19T09-34-38_10mX10m_EvalScript_return[B04,B08,B08A,B09,B11,B12]_ShowLogo_False_Transparent_True_tiff_depth=32f.tiff
2019-10-03 12:14:41,501 sentinelhub.ogc DEBUG    dates=[datetime.datetime(2019, 4, 19, 9, 34, 38)]
2019-10-03 12:14:41,501 sentinelhub.ogc DEBUG    date_interval=('2019-04-18T00:00:00', '2019-04-20T23:59:59')
2019-10-03 12:14:41,501 sentinelhub.download DEBUG    Using max_threads=None for 1 requests
2019-10-03 12:14:41,501 sentinelhub.ogc DEBUG    dates=[datetime.datetime(2019, 4, 19, 9, 34, 38)]
2019-10-03 12:14:41,501 sentinelhub.download DEBUG    Using max_threads=None for 1 requests
2019-10-03 12:14:41,501 urllib3.connectionpool DEBUG    https://services.sentinel-hub.com:443 "GET /ogc/wfs/b5be8d62-3224-4c9a-be03-c06aef8d2b79?SERVICE=wfs&REQUEST=GetFeature&TYPENAMES=S2.TILE&BBOX=523716.9414061075%2C5724655.036680756%2C526118.5742464965%2C5727228.931828612&OUTPUTFORMAT=application%2Fjson&SRSNAME=EPSG%3A32635&TIME=2019-04-18T00%3A00%3A00%2F2019-04-20T23%3A59%3A59&MAXCC=80.0&MAXFEATURES=100&FEATURE_OFFSET=0 HTTP/1.1" 200 972
2019-10-03 12:14:41,501 urllib3.connectionpool DEBUG    Starting new HTTPS connection (1): services.sentinel-hub.com:443
2019-10-03 12:14:41,501 urllib3.connectionpool DEBUG    Starting new HTTPS connection (1): services.sentinel-hub.com:443
2019-10-03 12:14:41,501 sentinelhub.download DEBUG    Successful download from https://services.sentinel-hub.com/ogc/wfs/b5be8d62-3224-4c9a-be03-c06aef8d2b79?SERVICE=wfs&REQUEST=GetFeature&TYPENAMES=S2.TILE&BBOX=523716.9414061075%2C5724655.036680756%2C526118.5742464965%2C5727228.931828612&OUTPUTFORMAT=application%2Fjson&SRSNAME=EPSG%3A32635&TIME=2019-04-18T00%3A00%3A00%2F2019-04-20T23%3A59%3A59&MAXCC=80.0&MAXFEATURES=100&FEATURE_OFFSET=0
2019-10-03 12:14:41,501 sentinelhub.download DEBUG    data_type=MimeType.JSON
2019-10-03 12:14:41,501 sentinelhub.ogc DEBUG    dates=[datetime.datetime(2019, 4, 19, 9, 34, 38)]
2019-10-03 12:14:41,501 sentinelhub.ogc DEBUG    filename=wcs_BANDS-S2-L1C_EPSG32635_523716.9414061075_5724655.036680756_526118.5742464965_5727228.931828612_2019-04-19T09-34-38_10mX10m_EvalScript_return[B04,B08,B08A,B09,B11,B12]_ShowLogo_False_Transparent_True_tiff_depth=32f.tiff
2019-10-03 12:14:41,501 sentinelhub.ogc DEBUG    date_interval=('2019-04-18T00:00:00', '2019-04-20T23:59:59')
2019-10-03 12:14:41,501 sentinelhub.ogc DEBUG    dates=[datetime.datetime(2019, 4, 19, 9, 34, 38)]
2019-10-03 12:14:41,517 sentinelhub.download DEBUG    Using max_threads=None for 1 requests
2019-10-03 12:14:41,517 urllib3.connectionpool DEBUG    Starting new HTTPS connection (1): services.sentinel-hub.com:443
2019-10-03 12:14:42,452 urllib3.connectionpool DEBUG    https://services.sentinel-hub.com:443 "GET /ogc/wcs/b5be8d62-3224-4c9a-be03-c06aef8d2b79?SERVICE=wcs&MAXCC=80.0&ShowLogo=False&Transparent=True&EvalScript=cmV0dXJuIFtCMDQsIEIwOCwgQjA4QSwgQjA5LCBCMTEsIEIxMl07&BBOX=521315.3085657184%2C5722081.1415329%2C523716.9414061075%2C5724655.036680756&FORMAT=image%2Ftiff%3Bdepth%3D32f&CRS=EPSG%3A32635&TIME=2019-04-19T09%3A34%3A38%2F2019-04-19T09%3A34%3A38&RESX=10m&RESY=10m&COVERAGE=BANDS-S2-L1C&REQUEST=GetCoverage&VERSION=1.1.2 HTTP/1.1" 200 None
2019-10-03 12:14:42,458 urllib3.connectionpool DEBUG    https://services.sentinel-hub.com:443 "GET /ogc/wcs/b5be8d62-3224-4c9a-be03-c06aef8d2b79?SERVICE=wcs&MAXCC=80.0&ShowLogo=False&Transparent=True&EvalScript=cmV0dXJuIFtCMDQsIEIwOCwgQjA4QSwgQjA5LCBCMTEsIEIxMl07&BBOX=518913.6757253294%2C5722081.1415329%2C521315.3085657184%2C5724655.036680756&FORMAT=image%2Ftiff%3Bdepth%3D32f&CRS=EPSG%3A32635&TIME=2019-04-19T09%3A34%3A38%2F2019-04-19T09%3A34%3A38&RESX=10m&RESY=10m&COVERAGE=BANDS-S2-L1C&REQUEST=GetCoverage&VERSION=1.1.2 HTTP/1.1" 200 None
2019-10-03 12:14:42,707 urllib3.connectionpool DEBUG    https://services.sentinel-hub.com:443 "GET /ogc/wcs/b5be8d62-3224-4c9a-be03-c06aef8d2b79?SERVICE=wcs&MAXCC=80.0&ShowLogo=False&Transparent=True&EvalScript=cmV0dXJuIFtCMDQsIEIwOCwgQjA4QSwgQjA5LCBCMTEsIEIxMl07&BBOX=523716.9414061075%2C5724655.036680756%2C526118.5742464965%2C5727228.931828612&FORMAT=image%2Ftiff%3Bdepth%3D32f&CRS=EPSG%3A32635&TIME=2019-04-19T09%3A34%3A38%2F2019-04-19T09%3A34%3A38&RESX=10m&RESY=10m&COVERAGE=BANDS-S2-L1C&REQUEST=GetCoverage&VERSION=1.1.2 HTTP/1.1" 200 None
2019-10-03 12:14:42,730 urllib3.connectionpool DEBUG    https://services.sentinel-hub.com:443 "GET /ogc/wcs/b5be8d62-3224-4c9a-be03-c06aef8d2b79?SERVICE=wcs&MAXCC=80.0&ShowLogo=False&Transparent=True&EvalScript=cmV0dXJuIFtCMDQsIEIwOCwgQjA4QSwgQjA5LCBCMTEsIEIxMl07&BBOX=523716.9414061075%2C5722081.1415329%2C526118.5742464965%2C5724655.036680756&FORMAT=image%2Ftiff%3Bdepth%3D32f&CRS=EPSG%3A32635&TIME=2019-04-19T09%3A34%3A38%2F2019-04-19T09%3A34%3A38&RESX=10m&RESY=10m&COVERAGE=BANDS-S2-L1C&REQUEST=GetCoverage&VERSION=1.1.2 HTTP/1.1" 200 None
2019-10-03 12:14:43,241 sentinelhub.download DEBUG    Successful download from https://services.sentinel-hub.com/ogc/wcs/b5be8d62-3224-4c9a-be03-c06aef8d2b79?SERVICE=wcs&MAXCC=80.0&ShowLogo=False&Transparent=True&EvalScript=cmV0dXJuIFtCMDQsIEIwOCwgQjA4QSwgQjA5LCBCMTEsIEIxMl07&BBOX=518913.6757253294%2C5722081.1415329%2C521315.3085657184%2C5724655.036680756&FORMAT=image%2Ftiff%3Bdepth%3D32f&CRS=EPSG%3A32635&TIME=2019-04-19T09%3A34%3A38%2F2019-04-19T09%3A34%3A38&RESX=10m&RESY=10m&COVERAGE=BANDS-S2-L1C&REQUEST=GetCoverage&VERSION=1.1.2
2019-10-03 12:14:43,242 sentinelhub.download DEBUG    data_type=MimeType.TIFF_d32f
2019-10-03 12:14:43,253 eolearn.core.eoworkflow DEBUG    Computing AddCloudMaskTask(*(EOPatch(
  data: {
    BANDS: numpy.ndarray(shape=(1, 257, 240, 6), dtype=float32)
  }
  mask: {
    IS_DATA: numpy.ndarray(shape=(1, 257, 240, 1), dtype=bool)
  }
  scalar: {}
  label: {}
  vector: {}
  data_timeless: {}
  mask_timeless: {}
  scalar_timeless: {}
  label_timeless: {}
  vector_timeless: {}
  meta_info: {
    maxcc: 0.8
    service_type: 'wcs'
    size_x: '10m'
    size_y: '10m'
    time_difference: datetime.timedelta(days=-1, seconds=86399)
    time_interval: ['2019-04-18', '2019-04-20']
  }
  bbox: BBox(((518913.6757253294, 5722081.1415329), (521315.3085657184, 5724655.036680756)), crs=EPSG:32635)
  timestamp: [datetime.datetime(2019, 4, 19, 9, 34, 38)]
),), **{})
2019-10-03 12:14:43,253 sentinelhub.ogc DEBUG    date_interval=('2019-04-18T00:00:00', '2019-04-20T23:59:59')
2019-10-03 12:14:43,253 sentinelhub.ogc DEBUG    URL=https://services.sentinel-hub.com/ogc/wfs/b5be8d62-3224-4c9a-be03-c06aef8d2b79?SERVICE=wfs&REQUEST=GetFeature&TYPENAMES=S2.TILE&BBOX=518913.6757253294%2C5722081.1415329%2C521315.3085657184%2C5724655.036680756&OUTPUTFORMAT=application%2Fjson&SRSNAME=EPSG%3A32635&TIME=2019-04-18T00%3A00%3A00%2F2019-04-20T23%3A59%3A59&MAXCC=80.0&MAXFEATURES=100&FEATURE_OFFSET=0
2019-10-03 12:14:43,253 urllib3.connectionpool DEBUG    Starting new HTTPS connection (1): services.sentinel-hub.com:443
2019-10-03 12:14:43,269 sentinelhub.download DEBUG    Successful download from https://services.sentinel-hub.com/ogc/wcs/b5be8d62-3224-4c9a-be03-c06aef8d2b79?SERVICE=wcs&MAXCC=80.0&ShowLogo=False&Transparent=True&EvalScript=cmV0dXJuIFtCMDQsIEIwOCwgQjA4QSwgQjA5LCBCMTEsIEIxMl07&BBOX=521315.3085657184%2C5722081.1415329%2C523716.9414061075%2C5724655.036680756&FORMAT=image%2Ftiff%3Bdepth%3D32f&CRS=EPSG%3A32635&TIME=2019-04-19T09%3A34%3A38%2F2019-04-19T09%3A34%3A38&RESX=10m&RESY=10m&COVERAGE=BANDS-S2-L1C&REQUEST=GetCoverage&VERSION=1.1.2
2019-10-03 12:14:43,269 sentinelhub.download DEBUG    data_type=MimeType.TIFF_d32f
2019-10-03 12:14:43,284 eolearn.core.eoworkflow DEBUG    Computing AddCloudMaskTask(*(EOPatch(
  data: {
    BANDS: numpy.ndarray(shape=(1, 257, 240, 6), dtype=float32)
  }
  mask: {
    IS_DATA: numpy.ndarray(shape=(1, 257, 240, 1), dtype=bool)
  }
  scalar: {}
  label: {}
  vector: {}
  data_timeless: {}
  mask_timeless: {}
  scalar_timeless: {}
  label_timeless: {}
  vector_timeless: {}
  meta_info: {
    maxcc: 0.8
    service_type: 'wcs'
    size_x: '10m'
    size_y: '10m'
    time_difference: datetime.timedelta(days=-1, seconds=86399)
    time_interval: ['2019-04-18', '2019-04-20']
  }
  bbox: BBox(((521315.3085657184, 5722081.1415329), (523716.9414061075, 5724655.036680756)), crs=EPSG:32635)
  timestamp: [datetime.datetime(2019, 4, 19, 9, 34, 38)]
),), **{})
2019-10-03 12:14:43,284 sentinelhub.ogc DEBUG    date_interval=('2019-04-18T00:00:00', '2019-04-20T23:59:59')
2019-10-03 12:14:43,284 sentinelhub.ogc DEBUG    URL=https://services.sentinel-hub.com/ogc/wfs/b5be8d62-3224-4c9a-be03-c06aef8d2b79?SERVICE=wfs&REQUEST=GetFeature&TYPENAMES=S2.TILE&BBOX=521315.3085657184%2C5722081.1415329%2C523716.9414061075%2C5724655.036680756&OUTPUTFORMAT=application%2Fjson&SRSNAME=EPSG%3A32635&TIME=2019-04-18T00%3A00%3A00%2F2019-04-20T23%3A59%3A59&MAXCC=80.0&MAXFEATURES=100&FEATURE_OFFSET=0
2019-10-03 12:14:43,300 urllib3.connectionpool DEBUG    Starting new HTTPS connection (1): services.sentinel-hub.com:443
2019-10-03 12:14:43,741 urllib3.connectionpool DEBUG    https://services.sentinel-hub.com:443 "GET /ogc/wfs/b5be8d62-3224-4c9a-be03-c06aef8d2b79?SERVICE=wfs&REQUEST=GetFeature&TYPENAMES=S2.TILE&BBOX=518913.6757253294%2C5722081.1415329%2C521315.3085657184%2C5724655.036680756&OUTPUTFORMAT=application%2Fjson&SRSNAME=EPSG%3A32635&TIME=2019-04-18T00%3A00%3A00%2F2019-04-20T23%3A59%3A59&MAXCC=80.0&MAXFEATURES=100&FEATURE_OFFSET=0 HTTP/1.1" 200 972
2019-10-03 12:14:43,745 sentinelhub.download DEBUG    Successful download from https://services.sentinel-hub.com/ogc/wfs/b5be8d62-3224-4c9a-be03-c06aef8d2b79?SERVICE=wfs&REQUEST=GetFeature&TYPENAMES=S2.TILE&BBOX=518913.6757253294%2C5722081.1415329%2C521315.3085657184%2C5724655.036680756&OUTPUTFORMAT=application%2Fjson&SRSNAME=EPSG%3A32635&TIME=2019-04-18T00%3A00%3A00%2F2019-04-20T23%3A59%3A59&MAXCC=80.0&MAXFEATURES=100&FEATURE_OFFSET=0
2019-10-03 12:14:43,746 sentinelhub.download DEBUG    data_type=MimeType.JSON
2019-10-03 12:14:43,746 sentinelhub.ogc DEBUG    dates=[datetime.datetime(2019, 4, 19, 9, 34, 38)]
2019-10-03 12:14:43,747 sentinelhub.ogc DEBUG    filename=wcs_BANDS-S2CLOUDLESS_EPSG32635_518913.6757253294_5722081.1415329_521315.3085657184_5724655.036680756_2019-04-19T09-34-38_80mX80m_EvalScript_return[B01,B02,B04,B05,B08,B8A,B09,B10,B11,B12]_ShowLogo_False_Transparent_False_tiff_depth=32f.tiff
2019-10-03 12:14:43,748 sentinelhub.ogc DEBUG    date_interval=('2019-04-18T00:00:00', '2019-04-20T23:59:59')
2019-10-03 12:14:43,748 sentinelhub.ogc DEBUG    dates=[datetime.datetime(2019, 4, 19, 9, 34, 38)]
2019-10-03 12:14:43,748 sentinelhub.download DEBUG    Using max_threads=None for 1 requests
2019-10-03 12:14:43,753 urllib3.connectionpool DEBUG    Starting new HTTPS connection (1): services.sentinel-hub.com:443
2019-10-03 12:14:43,807 urllib3.connectionpool DEBUG    https://services.sentinel-hub.com:443 "GET /ogc/wfs/b5be8d62-3224-4c9a-be03-c06aef8d2b79?SERVICE=wfs&REQUEST=GetFeature&TYPENAMES=S2.TILE&BBOX=521315.3085657184%2C5722081.1415329%2C523716.9414061075%2C5724655.036680756&OUTPUTFORMAT=application%2Fjson&SRSNAME=EPSG%3A32635&TIME=2019-04-18T00%3A00%3A00%2F2019-04-20T23%3A59%3A59&MAXCC=80.0&MAXFEATURES=100&FEATURE_OFFSET=0 HTTP/1.1" 200 972
2019-10-03 12:14:43,811 sentinelhub.download DEBUG    Successful download from https://services.sentinel-hub.com/ogc/wfs/b5be8d62-3224-4c9a-be03-c06aef8d2b79?SERVICE=wfs&REQUEST=GetFeature&TYPENAMES=S2.TILE&BBOX=521315.3085657184%2C5722081.1415329%2C523716.9414061075%2C5724655.036680756&OUTPUTFORMAT=application%2Fjson&SRSNAME=EPSG%3A32635&TIME=2019-04-18T00%3A00%3A00%2F2019-04-20T23%3A59%3A59&MAXCC=80.0&MAXFEATURES=100&FEATURE_OFFSET=0
2019-10-03 12:14:43,811 sentinelhub.download DEBUG    data_type=MimeType.JSON
2019-10-03 12:14:43,812 sentinelhub.ogc DEBUG    dates=[datetime.datetime(2019, 4, 19, 9, 34, 38)]
2019-10-03 12:14:43,813 sentinelhub.ogc DEBUG    filename=wcs_BANDS-S2CLOUDLESS_EPSG32635_521315.3085657184_5722081.1415329_523716.9414061075_5724655.036680756_2019-04-19T09-34-38_80mX80m_EvalScript_return[B01,B02,B04,B05,B08,B8A,B09,B10,B11,B12]_ShowLogo_False_Transparent_False_tiff_depth=32f.tiff
2019-10-03 12:14:43,813 sentinelhub.ogc DEBUG    date_interval=('2019-04-18T00:00:00', '2019-04-20T23:59:59')
2019-10-03 12:14:43,814 sentinelhub.ogc DEBUG    dates=[datetime.datetime(2019, 4, 19, 9, 34, 38)]
2019-10-03 12:14:43,814 sentinelhub.download DEBUG    Using max_threads=None for 1 requests
2019-10-03 12:14:43,817 urllib3.connectionpool DEBUG    Starting new HTTPS connection (1): services.sentinel-hub.com:443
2019-10-03 12:14:44,313 urllib3.connectionpool DEBUG    https://services.sentinel-hub.com:443 "GET /ogc/wcs/b5be8d62-3224-4c9a-be03-c06aef8d2b79?SERVICE=wcs&MAXCC=80.0&ShowLogo=False&Transparent=False&EvalScript=cmV0dXJuIFtCMDEsQjAyLEIwNCxCMDUsQjA4LEI4QSxCMDksQjEwLEIxMSxCMTJd&BBOX=518913.6757253294%2C5722081.1415329%2C521315.3085657184%2C5724655.036680756&FORMAT=image%2Ftiff%3Bdepth%3D32f&CRS=EPSG%3A32635&TIME=2019-04-19T09%3A34%3A38%2F2019-04-19T09%3A34%3A38&RESX=80m&RESY=80m&COVERAGE=BANDS-S2CLOUDLESS&REQUEST=GetCoverage&VERSION=1.1.2 HTTP/1.1" 200 None
2019-10-03 12:14:44,391 sentinelhub.download DEBUG    Successful download from https://services.sentinel-hub.com/ogc/wcs/b5be8d62-3224-4c9a-be03-c06aef8d2b79?SERVICE=wcs&MAXCC=80.0&ShowLogo=False&Transparent=False&EvalScript=cmV0dXJuIFtCMDEsQjAyLEIwNCxCMDUsQjA4LEI4QSxCMDksQjEwLEIxMSxCMTJd&BBOX=518913.6757253294%2C5722081.1415329%2C521315.3085657184%2C5724655.036680756&FORMAT=image%2Ftiff%3Bdepth%3D32f&CRS=EPSG%3A32635&TIME=2019-04-19T09%3A34%3A38%2F2019-04-19T09%3A34%3A38&RESX=80m&RESY=80m&COVERAGE=BANDS-S2CLOUDLESS&REQUEST=GetCoverage&VERSION=1.1.2
2019-10-03 12:14:44,391 sentinelhub.download DEBUG    data_type=MimeType.TIFF_d32f
2019-10-03 12:14:44,407 urllib3.connectionpool DEBUG    https://services.sentinel-hub.com:443 "GET /ogc/wcs/b5be8d62-3224-4c9a-be03-c06aef8d2b79?SERVICE=wcs&MAXCC=80.0&ShowLogo=False&Transparent=False&EvalScript=cmV0dXJuIFtCMDEsQjAyLEIwNCxCMDUsQjA4LEI4QSxCMDksQjEwLEIxMSxCMTJd&BBOX=521315.3085657184%2C5722081.1415329%2C523716.9414061075%2C5724655.036680756&FORMAT=image%2Ftiff%3Bdepth%3D32f&CRS=EPSG%3A32635&TIME=2019-04-19T09%3A34%3A38%2F2019-04-19T09%3A34%3A38&RESX=80m&RESY=80m&COVERAGE=BANDS-S2CLOUDLESS&REQUEST=GetCoverage&VERSION=1.1.2 HTTP/1.1" 200 None
2019-10-03 12:14:44,438 eolearn.core.eoworkflow DEBUG    Removing intermediate result for AddCloudMaskTask
2019-10-03 12:14:44,438 eolearn.core.eoworkflow DEBUG    Computing NormalBurningRatio(*(EOPatch(
  data: {
    BANDS: numpy.ndarray(shape=(1, 257, 240, 6), dtype=float32)
    CLP: numpy.ndarray(shape=(1, 257, 240, 1), dtype=float32)
  }
  mask: {
    CLM: numpy.ndarray(shape=(1, 257, 240, 1), dtype=bool)
    IS_DATA: numpy.ndarray(shape=(1, 257, 240, 1), dtype=bool)
  }
  scalar: {}
  label: {}
  vector: {}
  data_timeless: {}
  mask_timeless: {}
  scalar_timeless: {}
  label_timeless: {}
  vector_timeless: {}
  meta_info: {
    maxcc: 0.8
    service_type: 'wcs'
    size_x: '10m'
    size_y: '10m'
    time_difference: datetime.timedelta(days=-1, seconds=86399)
    time_interval: ['2019-04-18', '2019-04-20']
  }
  bbox: BBox(((518913.6757253294, 5722081.1415329), (521315.3085657184, 5724655.036680756)), crs=EPSG:32635)
  timestamp: [datetime.datetime(2019, 4, 19, 9, 34, 38)]
),), **{})
2019-10-03 12:14:44,500 sentinelhub.download DEBUG    Successful download from https://services.sentinel-hub.com/ogc/wcs/b5be8d62-3224-4c9a-be03-c06aef8d2b79?SERVICE=wcs&MAXCC=80.0&ShowLogo=False&Transparent=False&EvalScript=cmV0dXJuIFtCMDEsQjAyLEIwNCxCMDUsQjA4LEI4QSxCMDksQjEwLEIxMSxCMTJd&BBOX=521315.3085657184%2C5722081.1415329%2C523716.9414061075%2C5724655.036680756&FORMAT=image%2Ftiff%3Bdepth%3D32f&CRS=EPSG%3A32635&TIME=2019-04-19T09%3A34%3A38%2F2019-04-19T09%3A34%3A38&RESX=80m&RESY=80m&COVERAGE=BANDS-S2CLOUDLESS&REQUEST=GetCoverage&VERSION=1.1.2
2019-10-03 12:14:44,500 sentinelhub.download DEBUG    data_type=MimeType.TIFF_d32f
2019-10-03 12:14:44,565 eolearn.core.eoworkflow DEBUG    Removing intermediate result for AddCloudMaskTask
2019-10-03 12:14:44,566 eolearn.core.eoworkflow DEBUG    Computing NormalBurningRatio(*(EOPatch(
  data: {
    BANDS: numpy.ndarray(shape=(1, 257, 240, 6), dtype=float32)
    CLP: numpy.ndarray(shape=(1, 257, 240, 1), dtype=float32)
  }
  mask: {
    CLM: numpy.ndarray(shape=(1, 257, 240, 1), dtype=bool)
    IS_DATA: numpy.ndarray(shape=(1, 257, 240, 1), dtype=bool)
  }
  scalar: {}
  label: {}
  vector: {}
  data_timeless: {}
  mask_timeless: {}
  scalar_timeless: {}
  label_timeless: {}
  vector_timeless: {}
  meta_info: {
    maxcc: 0.8
    service_type: 'wcs'
    size_x: '10m'
    size_y: '10m'
    time_difference: datetime.timedelta(days=-1, seconds=86399)
    time_interval: ['2019-04-18', '2019-04-20']
  }
  bbox: BBox(((521315.3085657184, 5722081.1415329), (523716.9414061075, 5724655.036680756)), crs=EPSG:32635)
  timestamp: [datetime.datetime(2019, 4, 19, 9, 34, 38)]
),), **{})
2019-10-03 12:14:45,221 sentinelhub.download DEBUG    Successful download from https://services.sentinel-hub.com/ogc/wcs/b5be8d62-3224-4c9a-be03-c06aef8d2b79?SERVICE=wcs&MAXCC=80.0&ShowLogo=False&Transparent=True&EvalScript=cmV0dXJuIFtCMDQsIEIwOCwgQjA4QSwgQjA5LCBCMTEsIEIxMl07&BBOX=523716.9414061075%2C5724655.036680756%2C526118.5742464965%2C5727228.931828612&FORMAT=image%2Ftiff%3Bdepth%3D32f&CRS=EPSG%3A32635&TIME=2019-04-19T09%3A34%3A38%2F2019-04-19T09%3A34%3A38&RESX=10m&RESY=10m&COVERAGE=BANDS-S2-L1C&REQUEST=GetCoverage&VERSION=1.1.2
2019-10-03 12:14:45,221 sentinelhub.download DEBUG    data_type=MimeType.TIFF_d32f
2019-10-03 12:14:45,237 eolearn.core.eoworkflow DEBUG    Computing AddCloudMaskTask(*(EOPatch(
  data: {
    BANDS: numpy.ndarray(shape=(1, 257, 240, 6), dtype=float32)
  }
  mask: {
    IS_DATA: numpy.ndarray(shape=(1, 257, 240, 1), dtype=bool)
  }
  scalar: {}
  label: {}
  vector: {}
  data_timeless: {}
  mask_timeless: {}
  scalar_timeless: {}
  label_timeless: {}
  vector_timeless: {}
  meta_info: {
    maxcc: 0.8
    service_type: 'wcs'
    size_x: '10m'
    size_y: '10m'
    time_difference: datetime.timedelta(days=-1, seconds=86399)
    time_interval: ['2019-04-18', '2019-04-20']
  }
  bbox: BBox(((523716.9414061075, 5724655.036680756), (526118.5742464965, 5727228.931828612)), crs=EPSG:32635)
  timestamp: [datetime.datetime(2019, 4, 19, 9, 34, 38)]
),), **{})
2019-10-03 12:14:45,237 sentinelhub.ogc DEBUG    date_interval=('2019-04-18T00:00:00', '2019-04-20T23:59:59')
2019-10-03 12:14:45,237 sentinelhub.ogc DEBUG    URL=https://services.sentinel-hub.com/ogc/wfs/b5be8d62-3224-4c9a-be03-c06aef8d2b79?SERVICE=wfs&REQUEST=GetFeature&TYPENAMES=S2.TILE&BBOX=523716.9414061075%2C5724655.036680756%2C526118.5742464965%2C5727228.931828612&OUTPUTFORMAT=application%2Fjson&SRSNAME=EPSG%3A32635&TIME=2019-04-18T00%3A00%3A00%2F2019-04-20T23%3A59%3A59&MAXCC=80.0&MAXFEATURES=100&FEATURE_OFFSET=0
2019-10-03 12:14:45,237 urllib3.connectionpool DEBUG    Starting new HTTPS connection (1): services.sentinel-hub.com:443
2019-10-03 12:14:45,317 sentinelhub.download DEBUG    Successful download from https://services.sentinel-hub.com/ogc/wcs/b5be8d62-3224-4c9a-be03-c06aef8d2b79?SERVICE=wcs&MAXCC=80.0&ShowLogo=False&Transparent=True&EvalScript=cmV0dXJuIFtCMDQsIEIwOCwgQjA4QSwgQjA5LCBCMTEsIEIxMl07&BBOX=523716.9414061075%2C5722081.1415329%2C526118.5742464965%2C5724655.036680756&FORMAT=image%2Ftiff%3Bdepth%3D32f&CRS=EPSG%3A32635&TIME=2019-04-19T09%3A34%3A38%2F2019-04-19T09%3A34%3A38&RESX=10m&RESY=10m&COVERAGE=BANDS-S2-L1C&REQUEST=GetCoverage&VERSION=1.1.2
2019-10-03 12:14:45,317 sentinelhub.download DEBUG    data_type=MimeType.TIFF_d32f
2019-10-03 12:14:45,333 eolearn.core.eoworkflow DEBUG    Computing AddCloudMaskTask(*(EOPatch(
  data: {
    BANDS: numpy.ndarray(shape=(1, 257, 240, 6), dtype=float32)
  }
  mask: {
    IS_DATA: numpy.ndarray(shape=(1, 257, 240, 1), dtype=bool)
  }
  scalar: {}
  label: {}
  vector: {}
  data_timeless: {}
  mask_timeless: {}
  scalar_timeless: {}
  label_timeless: {}
  vector_timeless: {}
  meta_info: {
    maxcc: 0.8
    service_type: 'wcs'
    size_x: '10m'
    size_y: '10m'
    time_difference: datetime.timedelta(days=-1, seconds=86399)
    time_interval: ['2019-04-18', '2019-04-20']
  }
  bbox: BBox(((523716.9414061075, 5722081.1415329), (526118.5742464965, 5724655.036680756)), crs=EPSG:32635)
  timestamp: [datetime.datetime(2019, 4, 19, 9, 34, 38)]
),), **{})
2019-10-03 12:14:45,333 sentinelhub.ogc DEBUG    date_interval=('2019-04-18T00:00:00', '2019-04-20T23:59:59')
2019-10-03 12:14:45,333 sentinelhub.ogc DEBUG    URL=https://services.sentinel-hub.com/ogc/wfs/b5be8d62-3224-4c9a-be03-c06aef8d2b79?SERVICE=wfs&REQUEST=GetFeature&TYPENAMES=S2.TILE&BBOX=523716.9414061075%2C5722081.1415329%2C526118.5742464965%2C5724655.036680756&OUTPUTFORMAT=application%2Fjson&SRSNAME=EPSG%3A32635&TIME=2019-04-18T00%3A00%3A00%2F2019-04-20T23%3A59%3A59&MAXCC=80.0&MAXFEATURES=100&FEATURE_OFFSET=0
2019-10-03 12:14:45,333 urllib3.connectionpool DEBUG    Starting new HTTPS connection (1): services.sentinel-hub.com:443
2019-10-03 12:14:45,738 urllib3.connectionpool DEBUG    https://services.sentinel-hub.com:443 "GET /ogc/wfs/b5be8d62-3224-4c9a-be03-c06aef8d2b79?SERVICE=wfs&REQUEST=GetFeature&TYPENAMES=S2.TILE&BBOX=523716.9414061075%2C5724655.036680756%2C526118.5742464965%2C5727228.931828612&OUTPUTFORMAT=application%2Fjson&SRSNAME=EPSG%3A32635&TIME=2019-04-18T00%3A00%3A00%2F2019-04-20T23%3A59%3A59&MAXCC=80.0&MAXFEATURES=100&FEATURE_OFFSET=0 HTTP/1.1" 200 972
2019-10-03 12:14:45,738 sentinelhub.download DEBUG    Successful download from https://services.sentinel-hub.com/ogc/wfs/b5be8d62-3224-4c9a-be03-c06aef8d2b79?SERVICE=wfs&REQUEST=GetFeature&TYPENAMES=S2.TILE&BBOX=523716.9414061075%2C5724655.036680756%2C526118.5742464965%2C5727228.931828612&OUTPUTFORMAT=application%2Fjson&SRSNAME=EPSG%3A32635&TIME=2019-04-18T00%3A00%3A00%2F2019-04-20T23%3A59%3A59&MAXCC=80.0&MAXFEATURES=100&FEATURE_OFFSET=0
2019-10-03 12:14:45,738 sentinelhub.download DEBUG    data_type=MimeType.JSON
2019-10-03 12:14:45,738 sentinelhub.ogc DEBUG    dates=[datetime.datetime(2019, 4, 19, 9, 34, 38)]
2019-10-03 12:14:45,738 sentinelhub.ogc DEBUG    filename=wcs_BANDS-S2CLOUDLESS_EPSG32635_523716.9414061075_5724655.036680756_526118.5742464965_5727228.931828612_2019-04-19T09-34-38_80mX80m_EvalScript_return[B01,B02,B04,B05,B08,B8A,B09,B10,B11,B12]_ShowLogo_False_Transparent_False_tiff_depth=32f.tiff
2019-10-03 12:14:45,738 sentinelhub.ogc DEBUG    date_interval=('2019-04-18T00:00:00', '2019-04-20T23:59:59')
2019-10-03 12:14:45,738 sentinelhub.ogc DEBUG    dates=[datetime.datetime(2019, 4, 19, 9, 34, 38)]
2019-10-03 12:14:45,738 sentinelhub.download DEBUG    Using max_threads=None for 1 requests
2019-10-03 12:14:45,738 urllib3.connectionpool DEBUG    Starting new HTTPS connection (1): services.sentinel-hub.com:443
2019-10-03 12:14:45,848 urllib3.connectionpool DEBUG    https://services.sentinel-hub.com:443 "GET /ogc/wfs/b5be8d62-3224-4c9a-be03-c06aef8d2b79?SERVICE=wfs&REQUEST=GetFeature&TYPENAMES=S2.TILE&BBOX=523716.9414061075%2C5722081.1415329%2C526118.5742464965%2C5724655.036680756&OUTPUTFORMAT=application%2Fjson&SRSNAME=EPSG%3A32635&TIME=2019-04-18T00%3A00%3A00%2F2019-04-20T23%3A59%3A59&MAXCC=80.0&MAXFEATURES=100&FEATURE_OFFSET=0 HTTP/1.1" 200 972
2019-10-03 12:14:45,848 sentinelhub.download DEBUG    Successful download from https://services.sentinel-hub.com/ogc/wfs/b5be8d62-3224-4c9a-be03-c06aef8d2b79?SERVICE=wfs&REQUEST=GetFeature&TYPENAMES=S2.TILE&BBOX=523716.9414061075%2C5722081.1415329%2C526118.5742464965%2C5724655.036680756&OUTPUTFORMAT=application%2Fjson&SRSNAME=EPSG%3A32635&TIME=2019-04-18T00%3A00%3A00%2F2019-04-20T23%3A59%3A59&MAXCC=80.0&MAXFEATURES=100&FEATURE_OFFSET=0
2019-10-03 12:14:45,848 sentinelhub.download DEBUG    data_type=MimeType.JSON
2019-10-03 12:14:45,848 sentinelhub.ogc DEBUG    dates=[datetime.datetime(2019, 4, 19, 9, 34, 38)]
2019-10-03 12:14:45,848 sentinelhub.ogc DEBUG    filename=wcs_BANDS-S2CLOUDLESS_EPSG32635_523716.9414061075_5722081.1415329_526118.5742464965_5724655.036680756_2019-04-19T09-34-38_80mX80m_EvalScript_return[B01,B02,B04,B05,B08,B8A,B09,B10,B11,B12]_ShowLogo_False_Transparent_False_tiff_depth=32f.tiff
2019-10-03 12:14:45,863 sentinelhub.ogc DEBUG    date_interval=('2019-04-18T00:00:00', '2019-04-20T23:59:59')
2019-10-03 12:14:45,863 sentinelhub.ogc DEBUG    dates=[datetime.datetime(2019, 4, 19, 9, 34, 38)]
2019-10-03 12:14:45,863 sentinelhub.download DEBUG    Using max_threads=None for 1 requests
2019-10-03 12:14:45,863 urllib3.connectionpool DEBUG    Starting new HTTPS connection (1): services.sentinel-hub.com:443
2019-10-03 12:14:46,316 urllib3.connectionpool DEBUG    https://services.sentinel-hub.com:443 "GET /ogc/wcs/b5be8d62-3224-4c9a-be03-c06aef8d2b79?SERVICE=wcs&MAXCC=80.0&ShowLogo=False&Transparent=False&EvalScript=cmV0dXJuIFtCMDEsQjAyLEIwNCxCMDUsQjA4LEI4QSxCMDksQjEwLEIxMSxCMTJd&BBOX=523716.9414061075%2C5724655.036680756%2C526118.5742464965%2C5727228.931828612&FORMAT=image%2Ftiff%3Bdepth%3D32f&CRS=EPSG%3A32635&TIME=2019-04-19T09%3A34%3A38%2F2019-04-19T09%3A34%3A38&RESX=80m&RESY=80m&COVERAGE=BANDS-S2CLOUDLESS&REQUEST=GetCoverage&VERSION=1.1.2 HTTP/1.1" 200 None
2019-10-03 12:14:46,394 sentinelhub.download DEBUG    Successful download from https://services.sentinel-hub.com/ogc/wcs/b5be8d62-3224-4c9a-be03-c06aef8d2b79?SERVICE=wcs&MAXCC=80.0&ShowLogo=False&Transparent=False&EvalScript=cmV0dXJuIFtCMDEsQjAyLEIwNCxCMDUsQjA4LEI4QSxCMDksQjEwLEIxMSxCMTJd&BBOX=523716.9414061075%2C5724655.036680756%2C526118.5742464965%2C5727228.931828612&FORMAT=image%2Ftiff%3Bdepth%3D32f&CRS=EPSG%3A32635&TIME=2019-04-19T09%3A34%3A38%2F2019-04-19T09%3A34%3A38&RESX=80m&RESY=80m&COVERAGE=BANDS-S2CLOUDLESS&REQUEST=GetCoverage&VERSION=1.1.2
2019-10-03 12:14:46,394 sentinelhub.download DEBUG    data_type=MimeType.TIFF_d32f
2019-10-03 12:14:46,425 eolearn.core.eoworkflow DEBUG    Removing intermediate result for AddCloudMaskTask
2019-10-03 12:14:46,425 eolearn.core.eoworkflow DEBUG    Computing NormalBurningRatio(*(EOPatch(
  data: {
    BANDS: numpy.ndarray(shape=(1, 257, 240, 6), dtype=float32)
    CLP: numpy.ndarray(shape=(1, 257, 240, 1), dtype=float32)
  }
  mask: {
    CLM: numpy.ndarray(shape=(1, 257, 240, 1), dtype=bool)
    IS_DATA: numpy.ndarray(shape=(1, 257, 240, 1), dtype=bool)
  }
  scalar: {}
  label: {}
  vector: {}
  data_timeless: {}
  mask_timeless: {}
  scalar_timeless: {}
  label_timeless: {}
  vector_timeless: {}
  meta_info: {
    maxcc: 0.8
    service_type: 'wcs'
    size_x: '10m'
    size_y: '10m'
    time_difference: datetime.timedelta(days=-1, seconds=86399)
    time_interval: ['2019-04-18', '2019-04-20']
  }
  bbox: BBox(((523716.9414061075, 5724655.036680756), (526118.5742464965, 5727228.931828612)), crs=EPSG:32635)
  timestamp: [datetime.datetime(2019, 4, 19, 9, 34, 38)]
),), **{})
2019-10-03 12:14:46,456 urllib3.connectionpool DEBUG    https://services.sentinel-hub.com:443 "GET /ogc/wcs/b5be8d62-3224-4c9a-be03-c06aef8d2b79?SERVICE=wcs&MAXCC=80.0&ShowLogo=False&Transparent=False&EvalScript=cmV0dXJuIFtCMDEsQjAyLEIwNCxCMDUsQjA4LEI4QSxCMDksQjEwLEIxMSxCMTJd&BBOX=523716.9414061075%2C5722081.1415329%2C526118.5742464965%2C5724655.036680756&FORMAT=image%2Ftiff%3Bdepth%3D32f&CRS=EPSG%3A32635&TIME=2019-04-19T09%3A34%3A38%2F2019-04-19T09%3A34%3A38&RESX=80m&RESY=80m&COVERAGE=BANDS-S2CLOUDLESS&REQUEST=GetCoverage&VERSION=1.1.2 HTTP/1.1" 200 None
2019-10-03 12:14:46,553 sentinelhub.download DEBUG    Successful download from https://services.sentinel-hub.com/ogc/wcs/b5be8d62-3224-4c9a-be03-c06aef8d2b79?SERVICE=wcs&MAXCC=80.0&ShowLogo=False&Transparent=False&EvalScript=cmV0dXJuIFtCMDEsQjAyLEIwNCxCMDUsQjA4LEI4QSxCMDksQjEwLEIxMSxCMTJd&BBOX=523716.9414061075%2C5722081.1415329%2C526118.5742464965%2C5724655.036680756&FORMAT=image%2Ftiff%3Bdepth%3D32f&CRS=EPSG%3A32635&TIME=2019-04-19T09%3A34%3A38%2F2019-04-19T09%3A34%3A38&RESX=80m&RESY=80m&COVERAGE=BANDS-S2CLOUDLESS&REQUEST=GetCoverage&VERSION=1.1.2
2019-10-03 12:14:46,553 sentinelhub.download DEBUG    data_type=MimeType.TIFF_d32f
2019-10-03 12:14:46,600 eolearn.core.eoworkflow DEBUG    Removing intermediate result for AddCloudMaskTask
2019-10-03 12:14:46,600 eolearn.core.eoworkflow DEBUG    Computing NormalBurningRatio(*(EOPatch(
  data: {
    BANDS: numpy.ndarray(shape=(1, 257, 240, 6), dtype=float32)
    CLP: numpy.ndarray(shape=(1, 257, 240, 1), dtype=float32)
  }
  mask: {
    CLM: numpy.ndarray(shape=(1, 257, 240, 1), dtype=bool)
    IS_DATA: numpy.ndarray(shape=(1, 257, 240, 1), dtype=bool)
  }
  scalar: {}
  label: {}
  vector: {}
  data_timeless: {}
  mask_timeless: {}
  scalar_timeless: {}
  label_timeless: {}
  vector_timeless: {}
  meta_info: {
    maxcc: 0.8
    service_type: 'wcs'
    size_x: '10m'
    size_y: '10m'
    time_difference: datetime.timedelta(days=-1, seconds=86399)
    time_interval: ['2019-04-18', '2019-04-20']
  }
  bbox: BBox(((523716.9414061075, 5722081.1415329), (526118.5742464965, 5724655.036680756)), crs=EPSG:32635)
  timestamp: [datetime.datetime(2019, 4, 19, 9, 34, 38)]
),), **{})
