2019-09-30 14:18:46,061 sentinelhub.ogc DEBUG    date_interval=('2019-04-15T00:00:00', '2019-04-30T23:59:59')
2019-09-30 14:18:46,061 eolearn.core.eoworkflow DEBUG    Computing S2L1CWCSInput(*(), **{'bbox': BBox(((518913.6757253294, 5724655.036680756), (521315.3085657184, 5727228.931828612)), crs=EPSG:32635), 'time_interval': ['2019-04-15', '2019-4-30']})
2019-09-30 14:18:46,061 urllib3.connectionpool DEBUG    Starting new HTTPS connection (1): services.sentinel-hub.com:443
2019-09-30 14:18:46,061 sentinelhub.ogc DEBUG    date_interval=('2019-04-15T00:00:00', '2019-04-30T23:59:59')
2019-09-30 14:18:46,061 eolearn.core.eoworkflow DEBUG    Computing S2L1CWCSInput(*(), **{'bbox': BBox(((521315.3085657184, 5724655.036680756), (523716.9414061075, 5727228.931828612)), crs=EPSG:32635), 'time_interval': ['2019-04-15', '2019-4-30']})
2019-09-30 14:18:46,077 sentinelhub.ogc DEBUG    URL=https://services.sentinel-hub.com/ogc/wfs/a2137403-f785-4ad5-a13f-75fc6e2e4902?SERVICE=wfs&REQUEST=GetFeature&TYPENAMES=S2.TILE&BBOX=523716.9414061075%2C5727228.931828612%2C526118.5742464965%2C5729802.826976469&OUTPUTFORMAT=application%2Fjson&SRSNAME=EPSG%3A32635&TIME=2019-04-15T00%3A00%3A00%2F2019-04-30T23%3A59%3A59&MAXCC=80.0&MAXFEATURES=100&FEATURE_OFFSET=0
2019-09-30 14:18:46,077 sentinelhub.ogc DEBUG    date_interval=('2019-04-15T00:00:00', '2019-04-30T23:59:59')
2019-09-30 14:18:46,092 sentinelhub.ogc DEBUG    URL=https://services.sentinel-hub.com/ogc/wfs/a2137403-f785-4ad5-a13f-75fc6e2e4902?SERVICE=wfs&REQUEST=GetFeature&TYPENAMES=S2.TILE&BBOX=521315.3085657184%2C5727228.931828612%2C523716.9414061075%2C5729802.826976469&OUTPUTFORMAT=application%2Fjson&SRSNAME=EPSG%3A32635&TIME=2019-04-15T00%3A00%3A00%2F2019-04-30T23%3A59%3A59&MAXCC=80.0&MAXFEATURES=100&FEATURE_OFFSET=0
2019-09-30 14:18:46,092 sentinelhub.ogc DEBUG    date_interval=('2019-04-15T00:00:00', '2019-04-30T23:59:59')
2019-09-30 14:18:46,108 urllib3.connectionpool DEBUG    Starting new HTTPS connection (1): services.sentinel-hub.com:443
2019-09-30 14:18:46,190 sentinelhub.ogc DEBUG    URL=https://services.sentinel-hub.com/ogc/wfs/a2137403-f785-4ad5-a13f-75fc6e2e4902?SERVICE=wfs&REQUEST=GetFeature&TYPENAMES=S2.TILE&BBOX=518913.6757253294%2C5724655.036680756%2C521315.3085657184%2C5727228.931828612&OUTPUTFORMAT=application%2Fjson&SRSNAME=EPSG%3A32635&TIME=2019-04-15T00%3A00%3A00%2F2019-04-30T23%3A59%3A59&MAXCC=80.0&MAXFEATURES=100&FEATURE_OFFSET=0
2019-09-30 14:18:46,192 sentinelhub.ogc DEBUG    URL=https://services.sentinel-hub.com/ogc/wfs/a2137403-f785-4ad5-a13f-75fc6e2e4902?SERVICE=wfs&REQUEST=GetFeature&TYPENAMES=S2.TILE&BBOX=521315.3085657184%2C5724655.036680756%2C523716.9414061075%2C5727228.931828612&OUTPUTFORMAT=application%2Fjson&SRSNAME=EPSG%3A32635&TIME=2019-04-15T00%3A00%3A00%2F2019-04-30T23%3A59%3A59&MAXCC=80.0&MAXFEATURES=100&FEATURE_OFFSET=0
2019-09-30 14:18:46,198 urllib3.connectionpool DEBUG    Starting new HTTPS connection (1): services.sentinel-hub.com:443
2019-09-30 14:18:46,199 urllib3.connectionpool DEBUG    Starting new HTTPS connection (1): services.sentinel-hub.com:443
2019-09-30 14:18:46,199 urllib3.connectionpool DEBUG    Starting new HTTPS connection (1): services.sentinel-hub.com:443
2019-09-30 14:18:46,623 urllib3.connectionpool DEBUG    https://services.sentinel-hub.com:443 "GET /ogc/wfs/a2137403-f785-4ad5-a13f-75fc6e2e4902?SERVICE=wfs&REQUEST=GetFeature&TYPENAMES=S2.TILE&BBOX=518913.6757253294%2C5727228.931828612%2C521315.3085657184%2C5729802.826976469&OUTPUTFORMAT=application%2Fjson&SRSNAME=EPSG%3A32635&TIME=2019-04-15T00%3A00%3A00%2F2019-04-30T23%3A59%3A59&MAXCC=80.0&MAXFEATURES=100&FEATURE_OFFSET=0 HTTP/1.1" 403 205
2019-09-30 14:18:46,623 sentinelhub.download DEBUG    data_type=MimeType.XML
2019-09-30 14:18:46,623 eolearn.core.eoworkflow DEBUG    Computing S2L1CWCSInput(*(), **{'bbox': BBox(((523716.9414061075, 5724655.036680756), (526118.5742464965, 5727228.931828612)), crs=EPSG:32635), 'time_interval': ['2019-04-15', '2019-4-30']})
2019-09-30 14:18:46,623 sentinelhub.ogc DEBUG    date_interval=('2019-04-15T00:00:00', '2019-04-30T23:59:59')
2019-09-30 14:18:46,623 sentinelhub.ogc DEBUG    URL=https://services.sentinel-hub.com/ogc/wfs/a2137403-f785-4ad5-a13f-75fc6e2e4902?SERVICE=wfs&REQUEST=GetFeature&TYPENAMES=S2.TILE&BBOX=523716.9414061075%2C5724655.036680756%2C526118.5742464965%2C5727228.931828612&OUTPUTFORMAT=application%2Fjson&SRSNAME=EPSG%3A32635&TIME=2019-04-15T00%3A00%3A00%2F2019-04-30T23%3A59%3A59&MAXCC=80.0&MAXFEATURES=100&FEATURE_OFFSET=0
2019-09-30 14:18:46,623 urllib3.connectionpool DEBUG    https://services.sentinel-hub.com:443 "GET /ogc/wfs/a2137403-f785-4ad5-a13f-75fc6e2e4902?SERVICE=wfs&REQUEST=GetFeature&TYPENAMES=S2.TILE&BBOX=523716.9414061075%2C5727228.931828612%2C526118.5742464965%2C5729802.826976469&OUTPUTFORMAT=application%2Fjson&SRSNAME=EPSG%3A32635&TIME=2019-04-15T00%3A00%3A00%2F2019-04-30T23%3A59%3A59&MAXCC=80.0&MAXFEATURES=100&FEATURE_OFFSET=0 HTTP/1.1" 403 205
2019-09-30 14:18:46,623 urllib3.connectionpool DEBUG    Starting new HTTPS connection (1): services.sentinel-hub.com:443
2019-09-30 14:18:46,639 sentinelhub.download DEBUG    data_type=MimeType.XML
2019-09-30 14:18:46,643 eolearn.core.eoworkflow DEBUG    Computing S2L1CWCSInput(*(), **{'bbox': BBox(((518913.6757253294, 5722081.1415329), (521315.3085657184, 5724655.036680756)), crs=EPSG:32635), 'time_interval': ['2019-04-15', '2019-4-30']})
2019-09-30 14:18:46,644 sentinelhub.ogc DEBUG    date_interval=('2019-04-15T00:00:00', '2019-04-30T23:59:59')
2019-09-30 14:18:46,645 sentinelhub.ogc DEBUG    URL=https://services.sentinel-hub.com/ogc/wfs/a2137403-f785-4ad5-a13f-75fc6e2e4902?SERVICE=wfs&REQUEST=GetFeature&TYPENAMES=S2.TILE&BBOX=518913.6757253294%2C5722081.1415329%2C521315.3085657184%2C5724655.036680756&OUTPUTFORMAT=application%2Fjson&SRSNAME=EPSG%3A32635&TIME=2019-04-15T00%3A00%3A00%2F2019-04-30T23%3A59%3A59&MAXCC=80.0&MAXFEATURES=100&FEATURE_OFFSET=0
2019-09-30 14:18:46,640 urllib3.connectionpool DEBUG    https://services.sentinel-hub.com:443 "GET /ogc/wfs/a2137403-f785-4ad5-a13f-75fc6e2e4902?SERVICE=wfs&REQUEST=GetFeature&TYPENAMES=S2.TILE&BBOX=518913.6757253294%2C5724655.036680756%2C521315.3085657184%2C5727228.931828612&OUTPUTFORMAT=application%2Fjson&SRSNAME=EPSG%3A32635&TIME=2019-04-15T00%3A00%3A00%2F2019-04-30T23%3A59%3A59&MAXCC=80.0&MAXFEATURES=100&FEATURE_OFFSET=0 HTTP/1.1" 403 205
2019-09-30 14:18:46,651 urllib3.connectionpool DEBUG    Starting new HTTPS connection (1): services.sentinel-hub.com:443
2019-09-30 14:18:46,654 sentinelhub.download DEBUG    data_type=MimeType.XML
2019-09-30 14:18:46,656 sentinelhub.download DEBUG    data_type=MimeType.XML
2019-09-30 14:18:46,661 eolearn.core.eoworkflow DEBUG    Computing S2L1CWCSInput(*(), **{'bbox': BBox(((521315.3085657184, 5722081.1415329), (523716.9414061075, 5724655.036680756)), crs=EPSG:32635), 'time_interval': ['2019-04-15', '2019-4-30']})
2019-09-30 14:18:46,661 eolearn.core.eoworkflow DEBUG    Computing S2L1CWCSInput(*(), **{'bbox': BBox(((523716.9414061075, 5722081.1415329), (526118.5742464965, 5724655.036680756)), crs=EPSG:32635), 'time_interval': ['2019-04-15', '2019-4-30']})
2019-09-30 14:18:46,662 sentinelhub.ogc DEBUG    date_interval=('2019-04-15T00:00:00', '2019-04-30T23:59:59')
2019-09-30 14:18:46,663 sentinelhub.ogc DEBUG    date_interval=('2019-04-15T00:00:00', '2019-04-30T23:59:59')
2019-09-30 14:18:46,665 sentinelhub.ogc DEBUG    URL=https://services.sentinel-hub.com/ogc/wfs/a2137403-f785-4ad5-a13f-75fc6e2e4902?SERVICE=wfs&REQUEST=GetFeature&TYPENAMES=S2.TILE&BBOX=521315.3085657184%2C5722081.1415329%2C523716.9414061075%2C5724655.036680756&OUTPUTFORMAT=application%2Fjson&SRSNAME=EPSG%3A32635&TIME=2019-04-15T00%3A00%3A00%2F2019-04-30T23%3A59%3A59&MAXCC=80.0&MAXFEATURES=100&FEATURE_OFFSET=0
2019-09-30 14:18:46,666 sentinelhub.ogc DEBUG    URL=https://services.sentinel-hub.com/ogc/wfs/a2137403-f785-4ad5-a13f-75fc6e2e4902?SERVICE=wfs&REQUEST=GetFeature&TYPENAMES=S2.TILE&BBOX=523716.9414061075%2C5722081.1415329%2C526118.5742464965%2C5724655.036680756&OUTPUTFORMAT=application%2Fjson&SRSNAME=EPSG%3A32635&TIME=2019-04-15T00%3A00%3A00%2F2019-04-30T23%3A59%3A59&MAXCC=80.0&MAXFEATURES=100&FEATURE_OFFSET=0
2019-09-30 14:18:46,671 urllib3.connectionpool DEBUG    Starting new HTTPS connection (1): services.sentinel-hub.com:443
2019-09-30 14:18:46,671 urllib3.connectionpool DEBUG    Starting new HTTPS connection (1): services.sentinel-hub.com:443
2019-09-30 14:18:47,029 urllib3.connectionpool DEBUG    https://services.sentinel-hub.com:443 "GET /ogc/wfs/a2137403-f785-4ad5-a13f-75fc6e2e4902?SERVICE=wfs&REQUEST=GetFeature&TYPENAMES=S2.TILE&BBOX=518913.6757253294%2C5722081.1415329%2C521315.3085657184%2C5724655.036680756&OUTPUTFORMAT=application%2Fjson&SRSNAME=EPSG%3A32635&TIME=2019-04-15T00%3A00%3A00%2F2019-04-30T23%3A59%3A59&MAXCC=80.0&MAXFEATURES=100&FEATURE_OFFSET=0 HTTP/1.1" 403 205
2019-09-30 14:18:47,029 urllib3.connectionpool DEBUG    https://services.sentinel-hub.com:443 "GET /ogc/wfs/a2137403-f785-4ad5-a13f-75fc6e2e4902?SERVICE=wfs&REQUEST=GetFeature&TYPENAMES=S2.TILE&BBOX=523716.9414061075%2C5724655.036680756%2C526118.5742464965%2C5727228.931828612&OUTPUTFORMAT=application%2Fjson&SRSNAME=EPSG%3A32635&TIME=2019-04-15T00%3A00%3A00%2F2019-04-30T23%3A59%3A59&MAXCC=80.0&MAXFEATURES=100&FEATURE_OFFSET=0 HTTP/1.1" 403 205
2019-09-30 14:18:47,029 sentinelhub.download DEBUG    data_type=MimeType.XML
2019-09-30 14:18:47,029 sentinelhub.download DEBUG    data_type=MimeType.XML
2019-09-30 14:18:47,029 urllib3.connectionpool DEBUG    https://services.sentinel-hub.com:443 "GET /ogc/wfs/a2137403-f785-4ad5-a13f-75fc6e2e4902?SERVICE=wfs&REQUEST=GetFeature&TYPENAMES=S2.TILE&BBOX=521315.3085657184%2C5724655.036680756%2C523716.9414061075%2C5727228.931828612&OUTPUTFORMAT=application%2Fjson&SRSNAME=EPSG%3A32635&TIME=2019-04-15T00%3A00%3A00%2F2019-04-30T23%3A59%3A59&MAXCC=80.0&MAXFEATURES=100&FEATURE_OFFSET=0 HTTP/1.1" 403 205
2019-09-30 14:18:47,029 sentinelhub.download DEBUG    data_type=MimeType.XML
