2019-09-30 13:03:05,756 eolearn.core.eoworkflow DEBUG    Computing S2L1CWCSInput(*(), **{'bbox': BBox(((1349144.5976227475, 5797083.296847651), (1351958.2394759448, 5800039.495490512)), crs=EPSG:32633), 'time_interval': ['2019-04-15', '2019-4-30']})
2019-09-30 13:03:05,756 sentinelhub.ogc DEBUG    date_interval=('2019-04-15T00:00:00', '2019-04-30T23:59:59')
2019-09-30 13:03:05,756 eolearn.core.eoworkflow DEBUG    Computing S2L1CWCSInput(*(), **{'bbox': BBox(((1351958.2394759448, 5797083.296847651), (1354771.881329142, 5800039.495490512)), crs=EPSG:32633), 'time_interval': ['2019-04-15', '2019-4-30']})
2019-09-30 13:03:05,772 sentinelhub.ogc DEBUG    URL=https://services.sentinel-hub.com/ogc/wfs/a2137403-f785-4ad5-a13f-75fc6e2e4902?SERVICE=wfs&REQUEST=GetFeature&TYPENAMES=S2.TILE&BBOX=1349144.5976227475%2C5797083.296847651%2C1351958.2394759448%2C5800039.495490512&OUTPUTFORMAT=application%2Fjson&SRSNAME=EPSG%3A32633&TIME=2019-04-15T00%3A00%3A00%2F2019-04-30T23%3A59%3A59&MAXCC=80.0&MAXFEATURES=100&FEATURE_OFFSET=0
2019-09-30 13:03:05,772 sentinelhub.ogc DEBUG    date_interval=('2019-04-15T00:00:00', '2019-04-30T23:59:59')
2019-09-30 13:03:05,772 sentinelhub.ogc DEBUG    URL=https://services.sentinel-hub.com/ogc/wfs/a2137403-f785-4ad5-a13f-75fc6e2e4902?SERVICE=wfs&REQUEST=GetFeature&TYPENAMES=S2.TILE&BBOX=1351958.2394759448%2C5797083.296847651%2C1354771.881329142%2C5800039.495490512&OUTPUTFORMAT=application%2Fjson&SRSNAME=EPSG%3A32633&TIME=2019-04-15T00%3A00%3A00%2F2019-04-30T23%3A59%3A59&MAXCC=80.0&MAXFEATURES=100&FEATURE_OFFSET=0
2019-09-30 13:03:05,787 urllib3.connectionpool DEBUG    Starting new HTTPS connection (1): services.sentinel-hub.com:443
2019-09-30 13:03:05,803 urllib3.connectionpool DEBUG    Starting new HTTPS connection (1): services.sentinel-hub.com:443
2019-09-30 13:03:05,859 eolearn.core.eoworkflow DEBUG    Computing S2L1CWCSInput(*(), **{'bbox': BBox(((1349144.5976227475, 5794127.09820479), (1351958.2394759448, 5797083.296847651)), crs=EPSG:32633), 'time_interval': ['2019-04-15', '2019-4-30']})
2019-09-30 13:03:05,859 eolearn.core.eoworkflow DEBUG    Computing S2L1CWCSInput(*(), **{'bbox': BBox(((1351958.2394759448, 5794127.09820479), (1354771.881329142, 5797083.296847651)), crs=EPSG:32633), 'time_interval': ['2019-04-15', '2019-4-30']})
2019-09-30 13:03:05,859 eolearn.core.eoworkflow DEBUG    Computing S2L1CWCSInput(*(), **{'bbox': BBox(((1354771.881329142, 5797083.296847651), (1357585.5231823393, 5800039.495490512)), crs=EPSG:32633), 'time_interval': ['2019-04-15', '2019-4-30']})
2019-09-30 13:03:05,861 sentinelhub.ogc DEBUG    date_interval=('2019-04-15T00:00:00', '2019-04-30T23:59:59')
2019-09-30 13:03:05,862 sentinelhub.ogc DEBUG    date_interval=('2019-04-15T00:00:00', '2019-04-30T23:59:59')
2019-09-30 13:03:05,864 sentinelhub.ogc DEBUG    date_interval=('2019-04-15T00:00:00', '2019-04-30T23:59:59')
2019-09-30 13:03:05,865 sentinelhub.ogc DEBUG    URL=https://services.sentinel-hub.com/ogc/wfs/a2137403-f785-4ad5-a13f-75fc6e2e4902?SERVICE=wfs&REQUEST=GetFeature&TYPENAMES=S2.TILE&BBOX=1349144.5976227475%2C5794127.09820479%2C1351958.2394759448%2C5797083.296847651&OUTPUTFORMAT=application%2Fjson&SRSNAME=EPSG%3A32633&TIME=2019-04-15T00%3A00%3A00%2F2019-04-30T23%3A59%3A59&MAXCC=80.0&MAXFEATURES=100&FEATURE_OFFSET=0
2019-09-30 13:03:05,867 sentinelhub.ogc DEBUG    URL=https://services.sentinel-hub.com/ogc/wfs/a2137403-f785-4ad5-a13f-75fc6e2e4902?SERVICE=wfs&REQUEST=GetFeature&TYPENAMES=S2.TILE&BBOX=1351958.2394759448%2C5794127.09820479%2C1354771.881329142%2C5797083.296847651&OUTPUTFORMAT=application%2Fjson&SRSNAME=EPSG%3A32633&TIME=2019-04-15T00%3A00%3A00%2F2019-04-30T23%3A59%3A59&MAXCC=80.0&MAXFEATURES=100&FEATURE_OFFSET=0
2019-09-30 13:03:05,868 sentinelhub.ogc DEBUG    URL=https://services.sentinel-hub.com/ogc/wfs/a2137403-f785-4ad5-a13f-75fc6e2e4902?SERVICE=wfs&REQUEST=GetFeature&TYPENAMES=S2.TILE&BBOX=1354771.881329142%2C5797083.296847651%2C1357585.5231823393%2C5800039.495490512&OUTPUTFORMAT=application%2Fjson&SRSNAME=EPSG%3A32633&TIME=2019-04-15T00%3A00%3A00%2F2019-04-30T23%3A59%3A59&MAXCC=80.0&MAXFEATURES=100&FEATURE_OFFSET=0
2019-09-30 13:03:05,875 urllib3.connectionpool DEBUG    Starting new HTTPS connection (1): services.sentinel-hub.com:443
2019-09-30 13:03:05,876 urllib3.connectionpool DEBUG    Starting new HTTPS connection (1): services.sentinel-hub.com:443
2019-09-30 13:03:05,876 urllib3.connectionpool DEBUG    Starting new HTTPS connection (1): services.sentinel-hub.com:443
2019-09-30 13:03:06,400 urllib3.connectionpool DEBUG    https://services.sentinel-hub.com:443 "GET /ogc/wfs/a2137403-f785-4ad5-a13f-75fc6e2e4902?SERVICE=wfs&REQUEST=GetFeature&TYPENAMES=S2.TILE&BBOX=1354771.881329142%2C5797083.296847651%2C1357585.5231823393%2C5800039.495490512&OUTPUTFORMAT=application%2Fjson&SRSNAME=EPSG%3A32633&TIME=2019-04-15T00%3A00%3A00%2F2019-04-30T23%3A59%3A59&MAXCC=80.0&MAXFEATURES=100&FEATURE_OFFSET=0 HTTP/1.1" 403 205
2019-09-30 13:03:06,400 urllib3.connectionpool DEBUG    https://services.sentinel-hub.com:443 "GET /ogc/wfs/a2137403-f785-4ad5-a13f-75fc6e2e4902?SERVICE=wfs&REQUEST=GetFeature&TYPENAMES=S2.TILE&BBOX=1351958.2394759448%2C5797083.296847651%2C1354771.881329142%2C5800039.495490512&OUTPUTFORMAT=application%2Fjson&SRSNAME=EPSG%3A32633&TIME=2019-04-15T00%3A00%3A00%2F2019-04-30T23%3A59%3A59&MAXCC=80.0&MAXFEATURES=100&FEATURE_OFFSET=0 HTTP/1.1" 403 205
2019-09-30 13:03:06,400 sentinelhub.download DEBUG    data_type=MimeType.XML
2019-09-30 13:03:06,400 sentinelhub.download DEBUG    data_type=MimeType.XML
2019-09-30 13:03:06,400 urllib3.connectionpool DEBUG    https://services.sentinel-hub.com:443 "GET /ogc/wfs/a2137403-f785-4ad5-a13f-75fc6e2e4902?SERVICE=wfs&REQUEST=GetFeature&TYPENAMES=S2.TILE&BBOX=1351958.2394759448%2C5794127.09820479%2C1354771.881329142%2C5797083.296847651&OUTPUTFORMAT=application%2Fjson&SRSNAME=EPSG%3A32633&TIME=2019-04-15T00%3A00%3A00%2F2019-04-30T23%3A59%3A59&MAXCC=80.0&MAXFEATURES=100&FEATURE_OFFSET=0 HTTP/1.1" 403 205
2019-09-30 13:03:06,400 urllib3.connectionpool DEBUG    https://services.sentinel-hub.com:443 "GET /ogc/wfs/a2137403-f785-4ad5-a13f-75fc6e2e4902?SERVICE=wfs&REQUEST=GetFeature&TYPENAMES=S2.TILE&BBOX=1349144.5976227475%2C5794127.09820479%2C1351958.2394759448%2C5797083.296847651&OUTPUTFORMAT=application%2Fjson&SRSNAME=EPSG%3A32633&TIME=2019-04-15T00%3A00%3A00%2F2019-04-30T23%3A59%3A59&MAXCC=80.0&MAXFEATURES=100&FEATURE_OFFSET=0 HTTP/1.1" 403 205
2019-09-30 13:03:06,400 urllib3.connectionpool DEBUG    https://services.sentinel-hub.com:443 "GET /ogc/wfs/a2137403-f785-4ad5-a13f-75fc6e2e4902?SERVICE=wfs&REQUEST=GetFeature&TYPENAMES=S2.TILE&BBOX=1349144.5976227475%2C5797083.296847651%2C1351958.2394759448%2C5800039.495490512&OUTPUTFORMAT=application%2Fjson&SRSNAME=EPSG%3A32633&TIME=2019-04-15T00%3A00%3A00%2F2019-04-30T23%3A59%3A59&MAXCC=80.0&MAXFEATURES=100&FEATURE_OFFSET=0 HTTP/1.1" 403 205
2019-09-30 13:03:06,416 sentinelhub.download DEBUG    data_type=MimeType.XML
2019-09-30 13:03:06,416 sentinelhub.download DEBUG    data_type=MimeType.XML
2019-09-30 13:03:06,416 sentinelhub.download DEBUG    data_type=MimeType.XML
2019-09-30 13:03:06,416 eolearn.core.eoworkflow DEBUG    Computing S2L1CWCSInput(*(), **{'bbox': BBox(((1354771.881329142, 5794127.09820479), (1357585.5231823393, 5797083.296847651)), crs=EPSG:32633), 'time_interval': ['2019-04-15', '2019-4-30']})
2019-09-30 13:03:06,431 sentinelhub.ogc DEBUG    date_interval=('2019-04-15T00:00:00', '2019-04-30T23:59:59')
2019-09-30 13:03:06,431 eolearn.core.eoworkflow DEBUG    Computing S2L1CWCSInput(*(), **{'bbox': BBox(((1349144.5976227475, 5791170.8995619295), (1351958.2394759448, 5794127.09820479)), crs=EPSG:32633), 'time_interval': ['2019-04-15', '2019-4-30']})
2019-09-30 13:03:06,431 eolearn.core.eoworkflow DEBUG    Computing S2L1CWCSInput(*(), **{'bbox': BBox(((1351958.2394759448, 5791170.8995619295), (1354771.881329142, 5794127.09820479)), crs=EPSG:32633), 'time_interval': ['2019-04-15', '2019-4-30']})
2019-09-30 13:03:06,431 sentinelhub.ogc DEBUG    date_interval=('2019-04-15T00:00:00', '2019-04-30T23:59:59')
2019-09-30 13:03:06,431 eolearn.core.eoworkflow DEBUG    Computing S2L1CWCSInput(*(), **{'bbox': BBox(((1354771.881329142, 5791170.8995619295), (1357585.5231823393, 5794127.09820479)), crs=EPSG:32633), 'time_interval': ['2019-04-15', '2019-4-30']})
